2017-03-24 08:23:12  [ main:0 ] - [ DEBUG ]  D:\workspace\JavaNetCap2\conf\setting.properties
2017-03-24 08:23:26  [ AWT-EventQueue-0:14384 ] - [ DEBUG ]  Setting default value: false
2017-03-24 08:23:26  [ AWT-EventQueue-0:14385 ] - [ DEBUG ]  Converting 'Boolean' value 'false' to type 'Boolean'
2017-03-24 08:23:26  [ AWT-EventQueue-0:14385 ] - [ DEBUG ]      No conversion required, value is already a Boolean
2017-03-24 08:23:26  [ AWT-EventQueue-0:14389 ] - [ DEBUG ]  Setting default value: 0
2017-03-24 08:23:26  [ AWT-EventQueue-0:14389 ] - [ DEBUG ]  Converting 'Integer' value '0' to type 'Byte'
2017-03-24 08:23:26  [ AWT-EventQueue-0:14390 ] - [ DEBUG ]      Converted to Byte value '0'
2017-03-24 08:23:26  [ AWT-EventQueue-0:14391 ] - [ DEBUG ]  Setting default value:  
2017-03-24 08:23:26  [ AWT-EventQueue-0:14391 ] - [ DEBUG ]  Converting 'Character' value ' ' to type 'Character'
2017-03-24 08:23:26  [ AWT-EventQueue-0:14391 ] - [ DEBUG ]      No conversion required, value is already a Character
2017-03-24 08:23:26  [ AWT-EventQueue-0:14392 ] - [ DEBUG ]  Setting default value: 0
2017-03-24 08:23:26  [ AWT-EventQueue-0:14393 ] - [ DEBUG ]  Converting 'Integer' value '0' to type 'Double'
2017-03-24 08:23:26  [ AWT-EventQueue-0:14393 ] - [ DEBUG ]      Converted to Double value '0.0'
2017-03-24 08:23:26  [ AWT-EventQueue-0:14394 ] - [ DEBUG ]  Setting default value: 0
2017-03-24 08:23:26  [ AWT-EventQueue-0:14394 ] - [ DEBUG ]  Converting 'Integer' value '0' to type 'Float'
2017-03-24 08:23:26  [ AWT-EventQueue-0:14394 ] - [ DEBUG ]      Converted to Float value '0.0'
2017-03-24 08:23:26  [ AWT-EventQueue-0:14395 ] - [ DEBUG ]  Setting default value: 0
2017-03-24 08:23:26  [ AWT-EventQueue-0:14396 ] - [ DEBUG ]  Converting 'Integer' value '0' to type 'Integer'
2017-03-24 08:23:26  [ AWT-EventQueue-0:14396 ] - [ DEBUG ]      No conversion required, value is already a Integer
2017-03-24 08:23:26  [ AWT-EventQueue-0:14397 ] - [ DEBUG ]  Setting default value: 0
2017-03-24 08:23:26  [ AWT-EventQueue-0:14397 ] - [ DEBUG ]  Converting 'Integer' value '0' to type 'Long'
2017-03-24 08:23:26  [ AWT-EventQueue-0:14397 ] - [ DEBUG ]      Converted to Long value '0'
2017-03-24 08:23:26  [ AWT-EventQueue-0:14398 ] - [ DEBUG ]  Setting default value: 0
2017-03-24 08:23:26  [ AWT-EventQueue-0:14399 ] - [ DEBUG ]  Converting 'Integer' value '0' to type 'Short'
2017-03-24 08:23:26  [ AWT-EventQueue-0:14399 ] - [ DEBUG ]      Converted to Short value '0'
2017-03-24 08:23:26  [ AWT-EventQueue-0:14400 ] - [ DEBUG ]  Setting default value: 0.0
2017-03-24 08:23:26  [ AWT-EventQueue-0:14401 ] - [ DEBUG ]  Converting 'BigDecimal' value '0.0' to type 'BigDecimal'
2017-03-24 08:23:26  [ AWT-EventQueue-0:14401 ] - [ DEBUG ]      No conversion required, value is already a BigDecimal
2017-03-24 08:23:26  [ AWT-EventQueue-0:14402 ] - [ DEBUG ]  Setting default value: 0
2017-03-24 08:23:26  [ AWT-EventQueue-0:14403 ] - [ DEBUG ]  Converting 'BigInteger' value '0' to type 'BigInteger'
2017-03-24 08:23:26  [ AWT-EventQueue-0:14403 ] - [ DEBUG ]      No conversion required, value is already a BigInteger
2017-03-24 08:23:26  [ AWT-EventQueue-0:14403 ] - [ DEBUG ]  Setting default value: false
2017-03-24 08:23:26  [ AWT-EventQueue-0:14403 ] - [ DEBUG ]  Converting 'Boolean' value 'false' to type 'Boolean'
2017-03-24 08:23:26  [ AWT-EventQueue-0:14403 ] - [ DEBUG ]      No conversion required, value is already a Boolean
2017-03-24 08:23:26  [ AWT-EventQueue-0:14404 ] - [ DEBUG ]  Setting default value: 0
2017-03-24 08:23:26  [ AWT-EventQueue-0:14404 ] - [ DEBUG ]  Converting 'Integer' value '0' to type 'Byte'
2017-03-24 08:23:26  [ AWT-EventQueue-0:14404 ] - [ DEBUG ]      Converted to Byte value '0'
2017-03-24 08:23:26  [ AWT-EventQueue-0:14404 ] - [ DEBUG ]  Setting default value:  
2017-03-24 08:23:26  [ AWT-EventQueue-0:14404 ] - [ DEBUG ]  Converting 'Character' value ' ' to type 'Character'
2017-03-24 08:23:26  [ AWT-EventQueue-0:14404 ] - [ DEBUG ]      No conversion required, value is already a Character
2017-03-24 08:23:26  [ AWT-EventQueue-0:14404 ] - [ DEBUG ]  Setting default value: 0
2017-03-24 08:23:26  [ AWT-EventQueue-0:14404 ] - [ DEBUG ]  Converting 'Integer' value '0' to type 'Double'
2017-03-24 08:23:26  [ AWT-EventQueue-0:14404 ] - [ DEBUG ]      Converted to Double value '0.0'
2017-03-24 08:23:26  [ AWT-EventQueue-0:14405 ] - [ DEBUG ]  Setting default value: 0
2017-03-24 08:23:26  [ AWT-EventQueue-0:14405 ] - [ DEBUG ]  Converting 'Integer' value '0' to type 'Float'
2017-03-24 08:23:26  [ AWT-EventQueue-0:14405 ] - [ DEBUG ]      Converted to Float value '0.0'
2017-03-24 08:23:26  [ AWT-EventQueue-0:14405 ] - [ DEBUG ]  Setting default value: 0
2017-03-24 08:23:26  [ AWT-EventQueue-0:14405 ] - [ DEBUG ]  Converting 'Integer' value '0' to type 'Integer'
2017-03-24 08:23:26  [ AWT-EventQueue-0:14405 ] - [ DEBUG ]      No conversion required, value is already a Integer
2017-03-24 08:23:26  [ AWT-EventQueue-0:14405 ] - [ DEBUG ]  Setting default value: 0
2017-03-24 08:23:26  [ AWT-EventQueue-0:14405 ] - [ DEBUG ]  Converting 'Integer' value '0' to type 'Long'
2017-03-24 08:23:26  [ AWT-EventQueue-0:14405 ] - [ DEBUG ]      Converted to Long value '0'
2017-03-24 08:23:26  [ AWT-EventQueue-0:14405 ] - [ DEBUG ]  Setting default value: 0
2017-03-24 08:23:26  [ AWT-EventQueue-0:14406 ] - [ DEBUG ]  Converting 'Integer' value '0' to type 'Short'
2017-03-24 08:23:26  [ AWT-EventQueue-0:14406 ] - [ DEBUG ]      Converted to Short value '0'
2017-03-24 08:23:26  [ AWT-EventQueue-0:14407 ] - [ DEBUG ]  Setting default value: 
2017-03-24 08:23:26  [ AWT-EventQueue-0:14407 ] - [ DEBUG ]  Converting 'String' value '' to type 'String'
2017-03-24 08:23:26  [ AWT-EventQueue-0:14477 ] - [ DEBUG ]  Setting default value: [Z@a9340ee
2017-03-24 08:23:26  [ AWT-EventQueue-0:14477 ] - [ DEBUG ]  Converting 'boolean[]' value '[Z@a9340ee' to type 'boolean[]'
2017-03-24 08:23:26  [ AWT-EventQueue-0:14477 ] - [ DEBUG ]      No conversion required, value is already a boolean[]
2017-03-24 08:23:26  [ AWT-EventQueue-0:14478 ] - [ DEBUG ]  Setting default value: [B@6eebc3e2
2017-03-24 08:23:26  [ AWT-EventQueue-0:14478 ] - [ DEBUG ]  Converting 'byte[]' value '[B@6eebc3e2' to type 'byte[]'
2017-03-24 08:23:26  [ AWT-EventQueue-0:14478 ] - [ DEBUG ]      No conversion required, value is already a byte[]
2017-03-24 08:23:26  [ AWT-EventQueue-0:14478 ] - [ DEBUG ]  Setting default value: [C@5830fb27
2017-03-24 08:23:26  [ AWT-EventQueue-0:14478 ] - [ DEBUG ]  Converting 'char[]' value '[C@5830fb27' to type 'char[]'
2017-03-24 08:23:26  [ AWT-EventQueue-0:14478 ] - [ DEBUG ]      No conversion required, value is already a char[]
2017-03-24 08:23:26  [ AWT-EventQueue-0:14478 ] - [ DEBUG ]  Setting default value: [D@75c40f4d
2017-03-24 08:23:26  [ AWT-EventQueue-0:14478 ] - [ DEBUG ]  Converting 'double[]' value '[D@75c40f4d' to type 'double[]'
2017-03-24 08:23:26  [ AWT-EventQueue-0:14478 ] - [ DEBUG ]      No conversion required, value is already a double[]
2017-03-24 08:23:26  [ AWT-EventQueue-0:14478 ] - [ DEBUG ]  Setting default value: [F@6540b52b
2017-03-24 08:23:26  [ AWT-EventQueue-0:14479 ] - [ DEBUG ]  Converting 'float[]' value '[F@6540b52b' to type 'float[]'
2017-03-24 08:23:26  [ AWT-EventQueue-0:14479 ] - [ DEBUG ]      No conversion required, value is already a float[]
2017-03-24 08:23:26  [ AWT-EventQueue-0:14479 ] - [ DEBUG ]  Setting default value: [I@55848eb2
2017-03-24 08:23:26  [ AWT-EventQueue-0:14479 ] - [ DEBUG ]  Converting 'int[]' value '[I@55848eb2' to type 'int[]'
2017-03-24 08:23:26  [ AWT-EventQueue-0:14479 ] - [ DEBUG ]      No conversion required, value is already a int[]
2017-03-24 08:23:26  [ AWT-EventQueue-0:14479 ] - [ DEBUG ]  Setting default value: [J@a32bee6
2017-03-24 08:23:26  [ AWT-EventQueue-0:14479 ] - [ DEBUG ]  Converting 'long[]' value '[J@a32bee6' to type 'long[]'
2017-03-24 08:23:26  [ AWT-EventQueue-0:14479 ] - [ DEBUG ]      No conversion required, value is already a long[]
2017-03-24 08:23:26  [ AWT-EventQueue-0:14479 ] - [ DEBUG ]  Setting default value: [S@5f59768a
2017-03-24 08:23:26  [ AWT-EventQueue-0:14480 ] - [ DEBUG ]  Converting 'short[]' value '[S@5f59768a' to type 'short[]'
2017-03-24 08:23:26  [ AWT-EventQueue-0:14480 ] - [ DEBUG ]      No conversion required, value is already a short[]
2017-03-24 08:23:26  [ AWT-EventQueue-0:14480 ] - [ DEBUG ]  Setting default value: [Ljava.math.BigDecimal;@3f5079a7
2017-03-24 08:23:26  [ AWT-EventQueue-0:14480 ] - [ DEBUG ]  Converting 'BigDecimal[]' value '[Ljava.math.BigDecimal;@3f5079a7' to type 'BigDecimal[]'
2017-03-24 08:23:26  [ AWT-EventQueue-0:14480 ] - [ DEBUG ]      No conversion required, value is already a BigDecimal[]
2017-03-24 08:23:26  [ AWT-EventQueue-0:14480 ] - [ DEBUG ]  Setting default value: [Ljava.math.BigInteger;@4e5081e1
2017-03-24 08:23:26  [ AWT-EventQueue-0:14480 ] - [ DEBUG ]  Converting 'BigInteger[]' value '[Ljava.math.BigInteger;@4e5081e1' to type 'BigInteger[]'
2017-03-24 08:23:26  [ AWT-EventQueue-0:14480 ] - [ DEBUG ]      No conversion required, value is already a BigInteger[]
2017-03-24 08:23:26  [ AWT-EventQueue-0:14481 ] - [ DEBUG ]  Setting default value: [Ljava.lang.Boolean;@518ac343
2017-03-24 08:23:26  [ AWT-EventQueue-0:14481 ] - [ DEBUG ]  Converting 'Boolean[]' value '[Ljava.lang.Boolean;@518ac343' to type 'Boolean[]'
2017-03-24 08:23:26  [ AWT-EventQueue-0:14481 ] - [ DEBUG ]      No conversion required, value is already a Boolean[]
2017-03-24 08:23:26  [ AWT-EventQueue-0:14481 ] - [ DEBUG ]  Setting default value: [Ljava.lang.Byte;@45f302de
2017-03-24 08:23:26  [ AWT-EventQueue-0:14481 ] - [ DEBUG ]  Converting 'Byte[]' value '[Ljava.lang.Byte;@45f302de' to type 'Byte[]'
2017-03-24 08:23:26  [ AWT-EventQueue-0:14481 ] - [ DEBUG ]      No conversion required, value is already a Byte[]
2017-03-24 08:23:26  [ AWT-EventQueue-0:14481 ] - [ DEBUG ]  Setting default value: [Ljava.lang.Character;@7952c686
2017-03-24 08:23:26  [ AWT-EventQueue-0:14481 ] - [ DEBUG ]  Converting 'Character[]' value '[Ljava.lang.Character;@7952c686' to type 'Character[]'
2017-03-24 08:23:26  [ AWT-EventQueue-0:14481 ] - [ DEBUG ]      No conversion required, value is already a Character[]
2017-03-24 08:23:26  [ AWT-EventQueue-0:14481 ] - [ DEBUG ]  Setting default value: [Ljava.lang.Double;@33c70fc4
2017-03-24 08:23:26  [ AWT-EventQueue-0:14482 ] - [ DEBUG ]  Converting 'Double[]' value '[Ljava.lang.Double;@33c70fc4' to type 'Double[]'
2017-03-24 08:23:26  [ AWT-EventQueue-0:14482 ] - [ DEBUG ]      No conversion required, value is already a Double[]
2017-03-24 08:23:26  [ AWT-EventQueue-0:14482 ] - [ DEBUG ]  Setting default value: [Ljava.lang.Float;@34504224
2017-03-24 08:23:26  [ AWT-EventQueue-0:14482 ] - [ DEBUG ]  Converting 'Float[]' value '[Ljava.lang.Float;@34504224' to type 'Float[]'
2017-03-24 08:23:26  [ AWT-EventQueue-0:14482 ] - [ DEBUG ]      No conversion required, value is already a Float[]
2017-03-24 08:23:26  [ AWT-EventQueue-0:14482 ] - [ DEBUG ]  Setting default value: [Ljava.lang.Integer;@69e85382
2017-03-24 08:23:26  [ AWT-EventQueue-0:14482 ] - [ DEBUG ]  Converting 'Integer[]' value '[Ljava.lang.Integer;@69e85382' to type 'Integer[]'
2017-03-24 08:23:26  [ AWT-EventQueue-0:14482 ] - [ DEBUG ]      No conversion required, value is already a Integer[]
2017-03-24 08:23:26  [ AWT-EventQueue-0:14482 ] - [ DEBUG ]  Setting default value: [Ljava.lang.Long;@6e1cecf
2017-03-24 08:23:26  [ AWT-EventQueue-0:14482 ] - [ DEBUG ]  Converting 'Long[]' value '[Ljava.lang.Long;@6e1cecf' to type 'Long[]'
2017-03-24 08:23:26  [ AWT-EventQueue-0:14483 ] - [ DEBUG ]      No conversion required, value is already a Long[]
2017-03-24 08:23:26  [ AWT-EventQueue-0:14483 ] - [ DEBUG ]  Setting default value: [Ljava.lang.Short;@d5358f8
2017-03-24 08:23:26  [ AWT-EventQueue-0:14483 ] - [ DEBUG ]  Converting 'Short[]' value '[Ljava.lang.Short;@d5358f8' to type 'Short[]'
2017-03-24 08:23:26  [ AWT-EventQueue-0:14483 ] - [ DEBUG ]      No conversion required, value is already a Short[]
2017-03-24 08:23:26  [ AWT-EventQueue-0:14483 ] - [ DEBUG ]  Setting default value: [Ljava.lang.String;@3ba47a14
2017-03-24 08:23:26  [ AWT-EventQueue-0:14483 ] - [ DEBUG ]  Converting 'String[]' value '[Ljava.lang.String;@3ba47a14' to type 'String[]'
2017-03-24 08:23:26  [ AWT-EventQueue-0:14483 ] - [ DEBUG ]      No conversion required, value is already a String[]
2017-03-24 08:23:26  [ AWT-EventQueue-0:14483 ] - [ DEBUG ]  Setting default value: [Ljava.lang.Class;@10fb5aa1
2017-03-24 08:23:26  [ AWT-EventQueue-0:14483 ] - [ DEBUG ]  Converting 'Class[]' value '[Ljava.lang.Class;@10fb5aa1' to type 'Class[]'
2017-03-24 08:23:26  [ AWT-EventQueue-0:14484 ] - [ DEBUG ]      No conversion required, value is already a Class[]
2017-03-24 08:23:26  [ AWT-EventQueue-0:14484 ] - [ DEBUG ]  Setting default value: [Ljava.util.Date;@186469c7
2017-03-24 08:23:26  [ AWT-EventQueue-0:14484 ] - [ DEBUG ]  Converting 'Date[]' value '[Ljava.util.Date;@186469c7' to type 'Date[]'
2017-03-24 08:23:26  [ AWT-EventQueue-0:14484 ] - [ DEBUG ]      No conversion required, value is already a Date[]
2017-03-24 08:23:26  [ AWT-EventQueue-0:14484 ] - [ DEBUG ]  Setting default value: [Ljava.util.Calendar;@178bd989
2017-03-24 08:23:26  [ AWT-EventQueue-0:14484 ] - [ DEBUG ]  Converting 'Calendar[]' value '[Ljava.util.Calendar;@178bd989' to type 'Calendar[]'
2017-03-24 08:23:26  [ AWT-EventQueue-0:14484 ] - [ DEBUG ]      No conversion required, value is already a Calendar[]
2017-03-24 08:23:26  [ AWT-EventQueue-0:14484 ] - [ DEBUG ]  Setting default value: [Ljava.io.File;@667ed7a0
2017-03-24 08:23:26  [ AWT-EventQueue-0:14484 ] - [ DEBUG ]  Converting 'java.io.File[]' value '[Ljava.io.File;@667ed7a0' to type 'java.io.File[]'
2017-03-24 08:23:26  [ AWT-EventQueue-0:14484 ] - [ DEBUG ]      No conversion required, value is already a java.io.File[]
2017-03-24 08:23:26  [ AWT-EventQueue-0:14485 ] - [ DEBUG ]  Setting default value: [Ljava.sql.Date;@1b16fba1
2017-03-24 08:23:26  [ AWT-EventQueue-0:14485 ] - [ DEBUG ]  Converting 'java.sql.Date[]' value '[Ljava.sql.Date;@1b16fba1' to type 'java.sql.Date[]'
2017-03-24 08:23:26  [ AWT-EventQueue-0:14485 ] - [ DEBUG ]      No conversion required, value is already a java.sql.Date[]
2017-03-24 08:23:26  [ AWT-EventQueue-0:14485 ] - [ DEBUG ]  Setting default value: [Ljava.sql.Time;@2bb647ac
2017-03-24 08:23:26  [ AWT-EventQueue-0:14485 ] - [ DEBUG ]  Converting 'java.sql.Time[]' value '[Ljava.sql.Time;@2bb647ac' to type 'java.sql.Time[]'
2017-03-24 08:23:26  [ AWT-EventQueue-0:14485 ] - [ DEBUG ]      No conversion required, value is already a java.sql.Time[]
2017-03-24 08:23:26  [ AWT-EventQueue-0:14485 ] - [ DEBUG ]  Setting default value: [Ljava.sql.Timestamp;@1465bd05
2017-03-24 08:23:26  [ AWT-EventQueue-0:14485 ] - [ DEBUG ]  Converting 'java.sql.Timestamp[]' value '[Ljava.sql.Timestamp;@1465bd05' to type 'java.sql.Timestamp[]'
2017-03-24 08:23:26  [ AWT-EventQueue-0:14486 ] - [ DEBUG ]      No conversion required, value is already a java.sql.Timestamp[]
2017-03-24 08:23:26  [ AWT-EventQueue-0:14486 ] - [ DEBUG ]  Setting default value: [Ljava.net.URL;@1ca63f6f
2017-03-24 08:23:26  [ AWT-EventQueue-0:14486 ] - [ DEBUG ]  Converting 'java.net.URL[]' value '[Ljava.net.URL;@1ca63f6f' to type 'java.net.URL[]'
2017-03-24 08:23:26  [ AWT-EventQueue-0:14486 ] - [ DEBUG ]      No conversion required, value is already a java.net.URL[]
2017-03-24 08:27:30  [ main:0 ] - [ DEBUG ]  D:\workspace\JavaNetCap2\conf\setting.properties
2017-03-24 08:27:36  [ AWT-EventQueue-0:5109 ] - [ DEBUG ]  Setting default value: false
2017-03-24 08:27:36  [ AWT-EventQueue-0:5110 ] - [ DEBUG ]  Converting 'Boolean' value 'false' to type 'Boolean'
2017-03-24 08:27:36  [ AWT-EventQueue-0:5110 ] - [ DEBUG ]      No conversion required, value is already a Boolean
2017-03-24 08:27:36  [ AWT-EventQueue-0:5114 ] - [ DEBUG ]  Setting default value: 0
2017-03-24 08:27:36  [ AWT-EventQueue-0:5114 ] - [ DEBUG ]  Converting 'Integer' value '0' to type 'Byte'
2017-03-24 08:27:36  [ AWT-EventQueue-0:5114 ] - [ DEBUG ]      Converted to Byte value '0'
2017-03-24 08:27:36  [ AWT-EventQueue-0:5116 ] - [ DEBUG ]  Setting default value:  
2017-03-24 08:27:36  [ AWT-EventQueue-0:5116 ] - [ DEBUG ]  Converting 'Character' value ' ' to type 'Character'
2017-03-24 08:27:36  [ AWT-EventQueue-0:5116 ] - [ DEBUG ]      No conversion required, value is already a Character
2017-03-24 08:27:36  [ AWT-EventQueue-0:5117 ] - [ DEBUG ]  Setting default value: 0
2017-03-24 08:27:36  [ AWT-EventQueue-0:5117 ] - [ DEBUG ]  Converting 'Integer' value '0' to type 'Double'
2017-03-24 08:27:36  [ AWT-EventQueue-0:5117 ] - [ DEBUG ]      Converted to Double value '0.0'
2017-03-24 08:27:36  [ AWT-EventQueue-0:5119 ] - [ DEBUG ]  Setting default value: 0
2017-03-24 08:27:36  [ AWT-EventQueue-0:5119 ] - [ DEBUG ]  Converting 'Integer' value '0' to type 'Float'
2017-03-24 08:27:36  [ AWT-EventQueue-0:5119 ] - [ DEBUG ]      Converted to Float value '0.0'
2017-03-24 08:27:36  [ AWT-EventQueue-0:5120 ] - [ DEBUG ]  Setting default value: 0
2017-03-24 08:27:36  [ AWT-EventQueue-0:5120 ] - [ DEBUG ]  Converting 'Integer' value '0' to type 'Integer'
2017-03-24 08:27:36  [ AWT-EventQueue-0:5120 ] - [ DEBUG ]      No conversion required, value is already a Integer
2017-03-24 08:27:36  [ AWT-EventQueue-0:5121 ] - [ DEBUG ]  Setting default value: 0
2017-03-24 08:27:36  [ AWT-EventQueue-0:5122 ] - [ DEBUG ]  Converting 'Integer' value '0' to type 'Long'
2017-03-24 08:27:36  [ AWT-EventQueue-0:5122 ] - [ DEBUG ]      Converted to Long value '0'
2017-03-24 08:27:36  [ AWT-EventQueue-0:5123 ] - [ DEBUG ]  Setting default value: 0
2017-03-24 08:27:36  [ AWT-EventQueue-0:5123 ] - [ DEBUG ]  Converting 'Integer' value '0' to type 'Short'
2017-03-24 08:27:36  [ AWT-EventQueue-0:5123 ] - [ DEBUG ]      Converted to Short value '0'
2017-03-24 08:27:36  [ AWT-EventQueue-0:5125 ] - [ DEBUG ]  Setting default value: 0.0
2017-03-24 08:27:36  [ AWT-EventQueue-0:5125 ] - [ DEBUG ]  Converting 'BigDecimal' value '0.0' to type 'BigDecimal'
2017-03-24 08:27:36  [ AWT-EventQueue-0:5125 ] - [ DEBUG ]      No conversion required, value is already a BigDecimal
2017-03-24 08:27:36  [ AWT-EventQueue-0:5126 ] - [ DEBUG ]  Setting default value: 0
2017-03-24 08:27:36  [ AWT-EventQueue-0:5126 ] - [ DEBUG ]  Converting 'BigInteger' value '0' to type 'BigInteger'
2017-03-24 08:27:36  [ AWT-EventQueue-0:5126 ] - [ DEBUG ]      No conversion required, value is already a BigInteger
2017-03-24 08:27:36  [ AWT-EventQueue-0:5127 ] - [ DEBUG ]  Setting default value: false
2017-03-24 08:27:36  [ AWT-EventQueue-0:5127 ] - [ DEBUG ]  Converting 'Boolean' value 'false' to type 'Boolean'
2017-03-24 08:27:36  [ AWT-EventQueue-0:5127 ] - [ DEBUG ]      No conversion required, value is already a Boolean
2017-03-24 08:27:36  [ AWT-EventQueue-0:5127 ] - [ DEBUG ]  Setting default value: 0
2017-03-24 08:27:36  [ AWT-EventQueue-0:5127 ] - [ DEBUG ]  Converting 'Integer' value '0' to type 'Byte'
2017-03-24 08:27:36  [ AWT-EventQueue-0:5127 ] - [ DEBUG ]      Converted to Byte value '0'
2017-03-24 08:27:36  [ AWT-EventQueue-0:5127 ] - [ DEBUG ]  Setting default value:  
2017-03-24 08:27:36  [ AWT-EventQueue-0:5127 ] - [ DEBUG ]  Converting 'Character' value ' ' to type 'Character'
2017-03-24 08:27:36  [ AWT-EventQueue-0:5127 ] - [ DEBUG ]      No conversion required, value is already a Character
2017-03-24 08:27:36  [ AWT-EventQueue-0:5128 ] - [ DEBUG ]  Setting default value: 0
2017-03-24 08:27:36  [ AWT-EventQueue-0:5128 ] - [ DEBUG ]  Converting 'Integer' value '0' to type 'Double'
2017-03-24 08:27:36  [ AWT-EventQueue-0:5128 ] - [ DEBUG ]      Converted to Double value '0.0'
2017-03-24 08:27:36  [ AWT-EventQueue-0:5128 ] - [ DEBUG ]  Setting default value: 0
2017-03-24 08:27:36  [ AWT-EventQueue-0:5128 ] - [ DEBUG ]  Converting 'Integer' value '0' to type 'Float'
2017-03-24 08:27:36  [ AWT-EventQueue-0:5128 ] - [ DEBUG ]      Converted to Float value '0.0'
2017-03-24 08:27:36  [ AWT-EventQueue-0:5128 ] - [ DEBUG ]  Setting default value: 0
2017-03-24 08:27:36  [ AWT-EventQueue-0:5128 ] - [ DEBUG ]  Converting 'Integer' value '0' to type 'Integer'
2017-03-24 08:27:36  [ AWT-EventQueue-0:5128 ] - [ DEBUG ]      No conversion required, value is already a Integer
2017-03-24 08:27:36  [ AWT-EventQueue-0:5129 ] - [ DEBUG ]  Setting default value: 0
2017-03-24 08:27:36  [ AWT-EventQueue-0:5129 ] - [ DEBUG ]  Converting 'Integer' value '0' to type 'Long'
2017-03-24 08:27:36  [ AWT-EventQueue-0:5129 ] - [ DEBUG ]      Converted to Long value '0'
2017-03-24 08:27:36  [ AWT-EventQueue-0:5129 ] - [ DEBUG ]  Setting default value: 0
2017-03-24 08:27:36  [ AWT-EventQueue-0:5129 ] - [ DEBUG ]  Converting 'Integer' value '0' to type 'Short'
2017-03-24 08:27:36  [ AWT-EventQueue-0:5129 ] - [ DEBUG ]      Converted to Short value '0'
2017-03-24 08:27:36  [ AWT-EventQueue-0:5130 ] - [ DEBUG ]  Setting default value: 
2017-03-24 08:27:36  [ AWT-EventQueue-0:5130 ] - [ DEBUG ]  Converting 'String' value '' to type 'String'
2017-03-24 08:27:36  [ AWT-EventQueue-0:5141 ] - [ DEBUG ]  Setting default value: [Z@1e748a97
2017-03-24 08:27:36  [ AWT-EventQueue-0:5142 ] - [ DEBUG ]  Converting 'boolean[]' value '[Z@1e748a97' to type 'boolean[]'
2017-03-24 08:27:36  [ AWT-EventQueue-0:5142 ] - [ DEBUG ]      No conversion required, value is already a boolean[]
2017-03-24 08:27:36  [ AWT-EventQueue-0:5142 ] - [ DEBUG ]  Setting default value: [B@42bfef56
2017-03-24 08:27:36  [ AWT-EventQueue-0:5142 ] - [ DEBUG ]  Converting 'byte[]' value '[B@42bfef56' to type 'byte[]'
2017-03-24 08:27:36  [ AWT-EventQueue-0:5142 ] - [ DEBUG ]      No conversion required, value is already a byte[]
2017-03-24 08:27:36  [ AWT-EventQueue-0:5142 ] - [ DEBUG ]  Setting default value: [C@53f80278
2017-03-24 08:27:36  [ AWT-EventQueue-0:5142 ] - [ DEBUG ]  Converting 'char[]' value '[C@53f80278' to type 'char[]'
2017-03-24 08:27:36  [ AWT-EventQueue-0:5143 ] - [ DEBUG ]      No conversion required, value is already a char[]
2017-03-24 08:27:36  [ AWT-EventQueue-0:5143 ] - [ DEBUG ]  Setting default value: [D@64c07f71
2017-03-24 08:27:36  [ AWT-EventQueue-0:5143 ] - [ DEBUG ]  Converting 'double[]' value '[D@64c07f71' to type 'double[]'
2017-03-24 08:27:36  [ AWT-EventQueue-0:5143 ] - [ DEBUG ]      No conversion required, value is already a double[]
2017-03-24 08:27:36  [ AWT-EventQueue-0:5143 ] - [ DEBUG ]  Setting default value: [F@5e5a614c
2017-03-24 08:27:36  [ AWT-EventQueue-0:5143 ] - [ DEBUG ]  Converting 'float[]' value '[F@5e5a614c' to type 'float[]'
2017-03-24 08:27:36  [ AWT-EventQueue-0:5143 ] - [ DEBUG ]      No conversion required, value is already a float[]
2017-03-24 08:27:36  [ AWT-EventQueue-0:5143 ] - [ DEBUG ]  Setting default value: [I@63a2e08e
2017-03-24 08:27:36  [ AWT-EventQueue-0:5143 ] - [ DEBUG ]  Converting 'int[]' value '[I@63a2e08e' to type 'int[]'
2017-03-24 08:27:36  [ AWT-EventQueue-0:5144 ] - [ DEBUG ]      No conversion required, value is already a int[]
2017-03-24 08:27:36  [ AWT-EventQueue-0:5144 ] - [ DEBUG ]  Setting default value: [J@70dad540
2017-03-24 08:27:36  [ AWT-EventQueue-0:5144 ] - [ DEBUG ]  Converting 'long[]' value '[J@70dad540' to type 'long[]'
2017-03-24 08:27:36  [ AWT-EventQueue-0:5144 ] - [ DEBUG ]      No conversion required, value is already a long[]
2017-03-24 08:27:36  [ AWT-EventQueue-0:5144 ] - [ DEBUG ]  Setting default value: [S@178617dd
2017-03-24 08:27:36  [ AWT-EventQueue-0:5144 ] - [ DEBUG ]  Converting 'short[]' value '[S@178617dd' to type 'short[]'
2017-03-24 08:27:36  [ AWT-EventQueue-0:5144 ] - [ DEBUG ]      No conversion required, value is already a short[]
2017-03-24 08:27:36  [ AWT-EventQueue-0:5144 ] - [ DEBUG ]  Setting default value: [Ljava.math.BigDecimal;@1adb4460
2017-03-24 08:27:36  [ AWT-EventQueue-0:5144 ] - [ DEBUG ]  Converting 'BigDecimal[]' value '[Ljava.math.BigDecimal;@1adb4460' to type 'BigDecimal[]'
2017-03-24 08:27:36  [ AWT-EventQueue-0:5145 ] - [ DEBUG ]      No conversion required, value is already a BigDecimal[]
2017-03-24 08:27:36  [ AWT-EventQueue-0:5145 ] - [ DEBUG ]  Setting default value: [Ljava.math.BigInteger;@6e897125
2017-03-24 08:27:36  [ AWT-EventQueue-0:5145 ] - [ DEBUG ]  Converting 'BigInteger[]' value '[Ljava.math.BigInteger;@6e897125' to type 'BigInteger[]'
2017-03-24 08:27:36  [ AWT-EventQueue-0:5145 ] - [ DEBUG ]      No conversion required, value is already a BigInteger[]
2017-03-24 08:27:36  [ AWT-EventQueue-0:5145 ] - [ DEBUG ]  Setting default value: [Ljava.lang.Boolean;@485fc961
2017-03-24 08:27:36  [ AWT-EventQueue-0:5145 ] - [ DEBUG ]  Converting 'Boolean[]' value '[Ljava.lang.Boolean;@485fc961' to type 'Boolean[]'
2017-03-24 08:27:36  [ AWT-EventQueue-0:5145 ] - [ DEBUG ]      No conversion required, value is already a Boolean[]
2017-03-24 08:27:36  [ AWT-EventQueue-0:5145 ] - [ DEBUG ]  Setting default value: [Ljava.lang.Byte;@6f400748
2017-03-24 08:27:36  [ AWT-EventQueue-0:5145 ] - [ DEBUG ]  Converting 'Byte[]' value '[Ljava.lang.Byte;@6f400748' to type 'Byte[]'
2017-03-24 08:27:36  [ AWT-EventQueue-0:5146 ] - [ DEBUG ]      No conversion required, value is already a Byte[]
2017-03-24 08:27:36  [ AWT-EventQueue-0:5146 ] - [ DEBUG ]  Setting default value: [Ljava.lang.Character;@2f78b684
2017-03-24 08:27:36  [ AWT-EventQueue-0:5146 ] - [ DEBUG ]  Converting 'Character[]' value '[Ljava.lang.Character;@2f78b684' to type 'Character[]'
2017-03-24 08:27:36  [ AWT-EventQueue-0:5146 ] - [ DEBUG ]      No conversion required, value is already a Character[]
2017-03-24 08:27:36  [ AWT-EventQueue-0:5146 ] - [ DEBUG ]  Setting default value: [Ljava.lang.Double;@addfa17
2017-03-24 08:27:36  [ AWT-EventQueue-0:5146 ] - [ DEBUG ]  Converting 'Double[]' value '[Ljava.lang.Double;@addfa17' to type 'Double[]'
2017-03-24 08:27:36  [ AWT-EventQueue-0:5146 ] - [ DEBUG ]      No conversion required, value is already a Double[]
2017-03-24 08:27:36  [ AWT-EventQueue-0:5146 ] - [ DEBUG ]  Setting default value: [Ljava.lang.Float;@3c7f2eec
2017-03-24 08:27:36  [ AWT-EventQueue-0:5146 ] - [ DEBUG ]  Converting 'Float[]' value '[Ljava.lang.Float;@3c7f2eec' to type 'Float[]'
2017-03-24 08:27:36  [ AWT-EventQueue-0:5147 ] - [ DEBUG ]      No conversion required, value is already a Float[]
2017-03-24 08:27:36  [ AWT-EventQueue-0:5147 ] - [ DEBUG ]  Setting default value: [Ljava.lang.Integer;@536a046c
2017-03-24 08:27:36  [ AWT-EventQueue-0:5147 ] - [ DEBUG ]  Converting 'Integer[]' value '[Ljava.lang.Integer;@536a046c' to type 'Integer[]'
2017-03-24 08:27:36  [ AWT-EventQueue-0:5147 ] - [ DEBUG ]      No conversion required, value is already a Integer[]
2017-03-24 08:27:36  [ AWT-EventQueue-0:5147 ] - [ DEBUG ]  Setting default value: [Ljava.lang.Long;@39cc4413
2017-03-24 08:27:36  [ AWT-EventQueue-0:5147 ] - [ DEBUG ]  Converting 'Long[]' value '[Ljava.lang.Long;@39cc4413' to type 'Long[]'
2017-03-24 08:27:36  [ AWT-EventQueue-0:5147 ] - [ DEBUG ]      No conversion required, value is already a Long[]
2017-03-24 08:27:36  [ AWT-EventQueue-0:5147 ] - [ DEBUG ]  Setting default value: [Ljava.lang.Short;@5c241c7f
2017-03-24 08:27:36  [ AWT-EventQueue-0:5147 ] - [ DEBUG ]  Converting 'Short[]' value '[Ljava.lang.Short;@5c241c7f' to type 'Short[]'
2017-03-24 08:27:36  [ AWT-EventQueue-0:5147 ] - [ DEBUG ]      No conversion required, value is already a Short[]
2017-03-24 08:27:36  [ AWT-EventQueue-0:5148 ] - [ DEBUG ]  Setting default value: [Ljava.lang.String;@19695159
2017-03-24 08:27:36  [ AWT-EventQueue-0:5148 ] - [ DEBUG ]  Converting 'String[]' value '[Ljava.lang.String;@19695159' to type 'String[]'
2017-03-24 08:27:36  [ AWT-EventQueue-0:5148 ] - [ DEBUG ]      No conversion required, value is already a String[]
2017-03-24 08:27:36  [ AWT-EventQueue-0:5148 ] - [ DEBUG ]  Setting default value: [Ljava.lang.Class;@1aa37f7c
2017-03-24 08:27:36  [ AWT-EventQueue-0:5148 ] - [ DEBUG ]  Converting 'Class[]' value '[Ljava.lang.Class;@1aa37f7c' to type 'Class[]'
2017-03-24 08:27:36  [ AWT-EventQueue-0:5148 ] - [ DEBUG ]      No conversion required, value is already a Class[]
2017-03-24 08:27:36  [ AWT-EventQueue-0:5148 ] - [ DEBUG ]  Setting default value: [Ljava.util.Date;@41945ce7
2017-03-24 08:27:36  [ AWT-EventQueue-0:5148 ] - [ DEBUG ]  Converting 'Date[]' value '[Ljava.util.Date;@41945ce7' to type 'Date[]'
2017-03-24 08:27:36  [ AWT-EventQueue-0:5148 ] - [ DEBUG ]      No conversion required, value is already a Date[]
2017-03-24 08:27:36  [ AWT-EventQueue-0:5149 ] - [ DEBUG ]  Setting default value: [Ljava.util.Calendar;@6e9f0a2b
2017-03-24 08:27:36  [ AWT-EventQueue-0:5149 ] - [ DEBUG ]  Converting 'Calendar[]' value '[Ljava.util.Calendar;@6e9f0a2b' to type 'Calendar[]'
2017-03-24 08:27:36  [ AWT-EventQueue-0:5149 ] - [ DEBUG ]      No conversion required, value is already a Calendar[]
2017-03-24 08:27:36  [ AWT-EventQueue-0:5149 ] - [ DEBUG ]  Setting default value: [Ljava.io.File;@cd6ca70
2017-03-24 08:27:36  [ AWT-EventQueue-0:5149 ] - [ DEBUG ]  Converting 'java.io.File[]' value '[Ljava.io.File;@cd6ca70' to type 'java.io.File[]'
2017-03-24 08:27:36  [ AWT-EventQueue-0:5149 ] - [ DEBUG ]      No conversion required, value is already a java.io.File[]
2017-03-24 08:27:36  [ AWT-EventQueue-0:5149 ] - [ DEBUG ]  Setting default value: [Ljava.sql.Date;@5c5dcc9a
2017-03-24 08:27:36  [ AWT-EventQueue-0:5149 ] - [ DEBUG ]  Converting 'java.sql.Date[]' value '[Ljava.sql.Date;@5c5dcc9a' to type 'java.sql.Date[]'
2017-03-24 08:27:36  [ AWT-EventQueue-0:5150 ] - [ DEBUG ]      No conversion required, value is already a java.sql.Date[]
2017-03-24 08:27:36  [ AWT-EventQueue-0:5150 ] - [ DEBUG ]  Setting default value: [Ljava.sql.Time;@3ffd4690
2017-03-24 08:27:36  [ AWT-EventQueue-0:5150 ] - [ DEBUG ]  Converting 'java.sql.Time[]' value '[Ljava.sql.Time;@3ffd4690' to type 'java.sql.Time[]'
2017-03-24 08:27:36  [ AWT-EventQueue-0:5150 ] - [ DEBUG ]      No conversion required, value is already a java.sql.Time[]
2017-03-24 08:27:36  [ AWT-EventQueue-0:5150 ] - [ DEBUG ]  Setting default value: [Ljava.sql.Timestamp;@6d5ee6e1
2017-03-24 08:27:36  [ AWT-EventQueue-0:5150 ] - [ DEBUG ]  Converting 'java.sql.Timestamp[]' value '[Ljava.sql.Timestamp;@6d5ee6e1' to type 'java.sql.Timestamp[]'
2017-03-24 08:27:36  [ AWT-EventQueue-0:5150 ] - [ DEBUG ]      No conversion required, value is already a java.sql.Timestamp[]
2017-03-24 08:27:36  [ AWT-EventQueue-0:5150 ] - [ DEBUG ]  Setting default value: [Ljava.net.URL;@2959788f
2017-03-24 08:27:36  [ AWT-EventQueue-0:5150 ] - [ DEBUG ]  Converting 'java.net.URL[]' value '[Ljava.net.URL;@2959788f' to type 'java.net.URL[]'
2017-03-24 08:27:36  [ AWT-EventQueue-0:5150 ] - [ DEBUG ]      No conversion required, value is already a java.net.URL[]
2017-03-24 08:34:02  [ main:0 ] - [ DEBUG ]  D:\workspace\JavaNetCap2\conf\setting.properties
2017-03-24 08:34:21  [ AWT-EventQueue-0:19337 ] - [ DEBUG ]  Setting default value: false
2017-03-24 08:34:21  [ AWT-EventQueue-0:19337 ] - [ DEBUG ]  Converting 'Boolean' value 'false' to type 'Boolean'
2017-03-24 08:34:21  [ AWT-EventQueue-0:19338 ] - [ DEBUG ]      No conversion required, value is already a Boolean
2017-03-24 08:34:21  [ AWT-EventQueue-0:19341 ] - [ DEBUG ]  Setting default value: 0
2017-03-24 08:34:21  [ AWT-EventQueue-0:19342 ] - [ DEBUG ]  Converting 'Integer' value '0' to type 'Byte'
2017-03-24 08:34:21  [ AWT-EventQueue-0:19342 ] - [ DEBUG ]      Converted to Byte value '0'
2017-03-24 08:34:21  [ AWT-EventQueue-0:19343 ] - [ DEBUG ]  Setting default value:  
2017-03-24 08:34:21  [ AWT-EventQueue-0:19343 ] - [ DEBUG ]  Converting 'Character' value ' ' to type 'Character'
2017-03-24 08:34:21  [ AWT-EventQueue-0:19343 ] - [ DEBUG ]      No conversion required, value is already a Character
2017-03-24 08:34:21  [ AWT-EventQueue-0:19345 ] - [ DEBUG ]  Setting default value: 0
2017-03-24 08:34:21  [ AWT-EventQueue-0:19345 ] - [ DEBUG ]  Converting 'Integer' value '0' to type 'Double'
2017-03-24 08:34:21  [ AWT-EventQueue-0:19345 ] - [ DEBUG ]      Converted to Double value '0.0'
2017-03-24 08:34:21  [ AWT-EventQueue-0:19346 ] - [ DEBUG ]  Setting default value: 0
2017-03-24 08:34:21  [ AWT-EventQueue-0:19346 ] - [ DEBUG ]  Converting 'Integer' value '0' to type 'Float'
2017-03-24 08:34:21  [ AWT-EventQueue-0:19347 ] - [ DEBUG ]      Converted to Float value '0.0'
2017-03-24 08:34:21  [ AWT-EventQueue-0:19348 ] - [ DEBUG ]  Setting default value: 0
2017-03-24 08:34:21  [ AWT-EventQueue-0:19348 ] - [ DEBUG ]  Converting 'Integer' value '0' to type 'Integer'
2017-03-24 08:34:21  [ AWT-EventQueue-0:19349 ] - [ DEBUG ]      No conversion required, value is already a Integer
2017-03-24 08:34:21  [ AWT-EventQueue-0:19350 ] - [ DEBUG ]  Setting default value: 0
2017-03-24 08:34:21  [ AWT-EventQueue-0:19350 ] - [ DEBUG ]  Converting 'Integer' value '0' to type 'Long'
2017-03-24 08:34:21  [ AWT-EventQueue-0:19350 ] - [ DEBUG ]      Converted to Long value '0'
2017-03-24 08:34:21  [ AWT-EventQueue-0:19351 ] - [ DEBUG ]  Setting default value: 0
2017-03-24 08:34:21  [ AWT-EventQueue-0:19351 ] - [ DEBUG ]  Converting 'Integer' value '0' to type 'Short'
2017-03-24 08:34:21  [ AWT-EventQueue-0:19352 ] - [ DEBUG ]      Converted to Short value '0'
2017-03-24 08:34:21  [ AWT-EventQueue-0:19353 ] - [ DEBUG ]  Setting default value: 0.0
2017-03-24 08:34:21  [ AWT-EventQueue-0:19353 ] - [ DEBUG ]  Converting 'BigDecimal' value '0.0' to type 'BigDecimal'
2017-03-24 08:34:21  [ AWT-EventQueue-0:19353 ] - [ DEBUG ]      No conversion required, value is already a BigDecimal
2017-03-24 08:34:21  [ AWT-EventQueue-0:19354 ] - [ DEBUG ]  Setting default value: 0
2017-03-24 08:34:21  [ AWT-EventQueue-0:19355 ] - [ DEBUG ]  Converting 'BigInteger' value '0' to type 'BigInteger'
2017-03-24 08:34:21  [ AWT-EventQueue-0:19355 ] - [ DEBUG ]      No conversion required, value is already a BigInteger
2017-03-24 08:34:21  [ AWT-EventQueue-0:19355 ] - [ DEBUG ]  Setting default value: false
2017-03-24 08:34:21  [ AWT-EventQueue-0:19355 ] - [ DEBUG ]  Converting 'Boolean' value 'false' to type 'Boolean'
2017-03-24 08:34:21  [ AWT-EventQueue-0:19355 ] - [ DEBUG ]      No conversion required, value is already a Boolean
2017-03-24 08:34:21  [ AWT-EventQueue-0:19355 ] - [ DEBUG ]  Setting default value: 0
2017-03-24 08:34:21  [ AWT-EventQueue-0:19355 ] - [ DEBUG ]  Converting 'Integer' value '0' to type 'Byte'
2017-03-24 08:34:21  [ AWT-EventQueue-0:19355 ] - [ DEBUG ]      Converted to Byte value '0'
2017-03-24 08:34:21  [ AWT-EventQueue-0:19356 ] - [ DEBUG ]  Setting default value:  
2017-03-24 08:34:21  [ AWT-EventQueue-0:19356 ] - [ DEBUG ]  Converting 'Character' value ' ' to type 'Character'
2017-03-24 08:34:21  [ AWT-EventQueue-0:19356 ] - [ DEBUG ]      No conversion required, value is already a Character
2017-03-24 08:34:21  [ AWT-EventQueue-0:19356 ] - [ DEBUG ]  Setting default value: 0
2017-03-24 08:34:21  [ AWT-EventQueue-0:19356 ] - [ DEBUG ]  Converting 'Integer' value '0' to type 'Double'
2017-03-24 08:34:21  [ AWT-EventQueue-0:19356 ] - [ DEBUG ]      Converted to Double value '0.0'
2017-03-24 08:34:21  [ AWT-EventQueue-0:19356 ] - [ DEBUG ]  Setting default value: 0
2017-03-24 08:34:21  [ AWT-EventQueue-0:19356 ] - [ DEBUG ]  Converting 'Integer' value '0' to type 'Float'
2017-03-24 08:34:21  [ AWT-EventQueue-0:19356 ] - [ DEBUG ]      Converted to Float value '0.0'
2017-03-24 08:34:21  [ AWT-EventQueue-0:19356 ] - [ DEBUG ]  Setting default value: 0
2017-03-24 08:34:21  [ AWT-EventQueue-0:19357 ] - [ DEBUG ]  Converting 'Integer' value '0' to type 'Integer'
2017-03-24 08:34:21  [ AWT-EventQueue-0:19357 ] - [ DEBUG ]      No conversion required, value is already a Integer
2017-03-24 08:34:21  [ AWT-EventQueue-0:19357 ] - [ DEBUG ]  Setting default value: 0
2017-03-24 08:34:21  [ AWT-EventQueue-0:19357 ] - [ DEBUG ]  Converting 'Integer' value '0' to type 'Long'
2017-03-24 08:34:21  [ AWT-EventQueue-0:19357 ] - [ DEBUG ]      Converted to Long value '0'
2017-03-24 08:34:21  [ AWT-EventQueue-0:19357 ] - [ DEBUG ]  Setting default value: 0
2017-03-24 08:34:21  [ AWT-EventQueue-0:19357 ] - [ DEBUG ]  Converting 'Integer' value '0' to type 'Short'
2017-03-24 08:34:21  [ AWT-EventQueue-0:19357 ] - [ DEBUG ]      Converted to Short value '0'
2017-03-24 08:34:21  [ AWT-EventQueue-0:19358 ] - [ DEBUG ]  Setting default value: 
2017-03-24 08:34:21  [ AWT-EventQueue-0:19359 ] - [ DEBUG ]  Converting 'String' value '' to type 'String'
2017-03-24 08:34:22  [ AWT-EventQueue-0:19370 ] - [ DEBUG ]  Setting default value: [Z@1e748a97
2017-03-24 08:34:22  [ AWT-EventQueue-0:19371 ] - [ DEBUG ]  Converting 'boolean[]' value '[Z@1e748a97' to type 'boolean[]'
2017-03-24 08:34:22  [ AWT-EventQueue-0:19371 ] - [ DEBUG ]      No conversion required, value is already a boolean[]
2017-03-24 08:34:22  [ AWT-EventQueue-0:19371 ] - [ DEBUG ]  Setting default value: [B@42bfef56
2017-03-24 08:34:22  [ AWT-EventQueue-0:19371 ] - [ DEBUG ]  Converting 'byte[]' value '[B@42bfef56' to type 'byte[]'
2017-03-24 08:34:22  [ AWT-EventQueue-0:19371 ] - [ DEBUG ]      No conversion required, value is already a byte[]
2017-03-24 08:34:22  [ AWT-EventQueue-0:19372 ] - [ DEBUG ]  Setting default value: [C@53f80278
2017-03-24 08:34:22  [ AWT-EventQueue-0:19372 ] - [ DEBUG ]  Converting 'char[]' value '[C@53f80278' to type 'char[]'
2017-03-24 08:34:22  [ AWT-EventQueue-0:19372 ] - [ DEBUG ]      No conversion required, value is already a char[]
2017-03-24 08:34:22  [ AWT-EventQueue-0:19372 ] - [ DEBUG ]  Setting default value: [D@64c07f71
2017-03-24 08:34:22  [ AWT-EventQueue-0:19372 ] - [ DEBUG ]  Converting 'double[]' value '[D@64c07f71' to type 'double[]'
2017-03-24 08:34:22  [ AWT-EventQueue-0:19372 ] - [ DEBUG ]      No conversion required, value is already a double[]
2017-03-24 08:34:22  [ AWT-EventQueue-0:19372 ] - [ DEBUG ]  Setting default value: [F@5e5a614c
2017-03-24 08:34:22  [ AWT-EventQueue-0:19372 ] - [ DEBUG ]  Converting 'float[]' value '[F@5e5a614c' to type 'float[]'
2017-03-24 08:34:22  [ AWT-EventQueue-0:19372 ] - [ DEBUG ]      No conversion required, value is already a float[]
2017-03-24 08:34:22  [ AWT-EventQueue-0:19373 ] - [ DEBUG ]  Setting default value: [I@63a2e08e
2017-03-24 08:34:22  [ AWT-EventQueue-0:19373 ] - [ DEBUG ]  Converting 'int[]' value '[I@63a2e08e' to type 'int[]'
2017-03-24 08:34:22  [ AWT-EventQueue-0:19373 ] - [ DEBUG ]      No conversion required, value is already a int[]
2017-03-24 08:34:22  [ AWT-EventQueue-0:19373 ] - [ DEBUG ]  Setting default value: [J@70dad540
2017-03-24 08:34:22  [ AWT-EventQueue-0:19373 ] - [ DEBUG ]  Converting 'long[]' value '[J@70dad540' to type 'long[]'
2017-03-24 08:34:22  [ AWT-EventQueue-0:19373 ] - [ DEBUG ]      No conversion required, value is already a long[]
2017-03-24 08:34:22  [ AWT-EventQueue-0:19373 ] - [ DEBUG ]  Setting default value: [S@178617dd
2017-03-24 08:34:22  [ AWT-EventQueue-0:19373 ] - [ DEBUG ]  Converting 'short[]' value '[S@178617dd' to type 'short[]'
2017-03-24 08:34:22  [ AWT-EventQueue-0:19373 ] - [ DEBUG ]      No conversion required, value is already a short[]
2017-03-24 08:34:22  [ AWT-EventQueue-0:19374 ] - [ DEBUG ]  Setting default value: [Ljava.math.BigDecimal;@1adb4460
2017-03-24 08:34:22  [ AWT-EventQueue-0:19374 ] - [ DEBUG ]  Converting 'BigDecimal[]' value '[Ljava.math.BigDecimal;@1adb4460' to type 'BigDecimal[]'
2017-03-24 08:34:22  [ AWT-EventQueue-0:19374 ] - [ DEBUG ]      No conversion required, value is already a BigDecimal[]
2017-03-24 08:34:22  [ AWT-EventQueue-0:19374 ] - [ DEBUG ]  Setting default value: [Ljava.math.BigInteger;@6e897125
2017-03-24 08:34:22  [ AWT-EventQueue-0:19374 ] - [ DEBUG ]  Converting 'BigInteger[]' value '[Ljava.math.BigInteger;@6e897125' to type 'BigInteger[]'
2017-03-24 08:34:22  [ AWT-EventQueue-0:19374 ] - [ DEBUG ]      No conversion required, value is already a BigInteger[]
2017-03-24 08:34:22  [ AWT-EventQueue-0:19374 ] - [ DEBUG ]  Setting default value: [Ljava.lang.Boolean;@485fc961
2017-03-24 08:34:22  [ AWT-EventQueue-0:19374 ] - [ DEBUG ]  Converting 'Boolean[]' value '[Ljava.lang.Boolean;@485fc961' to type 'Boolean[]'
2017-03-24 08:34:22  [ AWT-EventQueue-0:19374 ] - [ DEBUG ]      No conversion required, value is already a Boolean[]
2017-03-24 08:34:22  [ AWT-EventQueue-0:19374 ] - [ DEBUG ]  Setting default value: [Ljava.lang.Byte;@6f400748
2017-03-24 08:34:22  [ AWT-EventQueue-0:19375 ] - [ DEBUG ]  Converting 'Byte[]' value '[Ljava.lang.Byte;@6f400748' to type 'Byte[]'
2017-03-24 08:34:22  [ AWT-EventQueue-0:19375 ] - [ DEBUG ]      No conversion required, value is already a Byte[]
2017-03-24 08:34:22  [ AWT-EventQueue-0:19375 ] - [ DEBUG ]  Setting default value: [Ljava.lang.Character;@2f78b684
2017-03-24 08:34:22  [ AWT-EventQueue-0:19375 ] - [ DEBUG ]  Converting 'Character[]' value '[Ljava.lang.Character;@2f78b684' to type 'Character[]'
2017-03-24 08:34:22  [ AWT-EventQueue-0:19375 ] - [ DEBUG ]      No conversion required, value is already a Character[]
2017-03-24 08:34:22  [ AWT-EventQueue-0:19375 ] - [ DEBUG ]  Setting default value: [Ljava.lang.Double;@addfa17
2017-03-24 08:34:22  [ AWT-EventQueue-0:19375 ] - [ DEBUG ]  Converting 'Double[]' value '[Ljava.lang.Double;@addfa17' to type 'Double[]'
2017-03-24 08:34:22  [ AWT-EventQueue-0:19375 ] - [ DEBUG ]      No conversion required, value is already a Double[]
2017-03-24 08:34:22  [ AWT-EventQueue-0:19375 ] - [ DEBUG ]  Setting default value: [Ljava.lang.Float;@3c7f2eec
2017-03-24 08:34:22  [ AWT-EventQueue-0:19375 ] - [ DEBUG ]  Converting 'Float[]' value '[Ljava.lang.Float;@3c7f2eec' to type 'Float[]'
2017-03-24 08:34:22  [ AWT-EventQueue-0:19376 ] - [ DEBUG ]      No conversion required, value is already a Float[]
2017-03-24 08:34:22  [ AWT-EventQueue-0:19376 ] - [ DEBUG ]  Setting default value: [Ljava.lang.Integer;@536a046c
2017-03-24 08:34:22  [ AWT-EventQueue-0:19376 ] - [ DEBUG ]  Converting 'Integer[]' value '[Ljava.lang.Integer;@536a046c' to type 'Integer[]'
2017-03-24 08:34:22  [ AWT-EventQueue-0:19376 ] - [ DEBUG ]      No conversion required, value is already a Integer[]
2017-03-24 08:34:22  [ AWT-EventQueue-0:19376 ] - [ DEBUG ]  Setting default value: [Ljava.lang.Long;@39cc4413
2017-03-24 08:34:22  [ AWT-EventQueue-0:19376 ] - [ DEBUG ]  Converting 'Long[]' value '[Ljava.lang.Long;@39cc4413' to type 'Long[]'
2017-03-24 08:34:22  [ AWT-EventQueue-0:19376 ] - [ DEBUG ]      No conversion required, value is already a Long[]
2017-03-24 08:34:22  [ AWT-EventQueue-0:19376 ] - [ DEBUG ]  Setting default value: [Ljava.lang.Short;@5c241c7f
2017-03-24 08:34:22  [ AWT-EventQueue-0:19376 ] - [ DEBUG ]  Converting 'Short[]' value '[Ljava.lang.Short;@5c241c7f' to type 'Short[]'
2017-03-24 08:34:22  [ AWT-EventQueue-0:19376 ] - [ DEBUG ]      No conversion required, value is already a Short[]
2017-03-24 08:34:22  [ AWT-EventQueue-0:19377 ] - [ DEBUG ]  Setting default value: [Ljava.lang.String;@19695159
2017-03-24 08:34:22  [ AWT-EventQueue-0:19377 ] - [ DEBUG ]  Converting 'String[]' value '[Ljava.lang.String;@19695159' to type 'String[]'
2017-03-24 08:34:22  [ AWT-EventQueue-0:19377 ] - [ DEBUG ]      No conversion required, value is already a String[]
2017-03-24 08:34:22  [ AWT-EventQueue-0:19377 ] - [ DEBUG ]  Setting default value: [Ljava.lang.Class;@1aa37f7c
2017-03-24 08:34:22  [ AWT-EventQueue-0:19377 ] - [ DEBUG ]  Converting 'Class[]' value '[Ljava.lang.Class;@1aa37f7c' to type 'Class[]'
2017-03-24 08:34:22  [ AWT-EventQueue-0:19377 ] - [ DEBUG ]      No conversion required, value is already a Class[]
2017-03-24 08:34:22  [ AWT-EventQueue-0:19377 ] - [ DEBUG ]  Setting default value: [Ljava.util.Date;@41945ce7
2017-03-24 08:34:22  [ AWT-EventQueue-0:19377 ] - [ DEBUG ]  Converting 'Date[]' value '[Ljava.util.Date;@41945ce7' to type 'Date[]'
2017-03-24 08:34:22  [ AWT-EventQueue-0:19377 ] - [ DEBUG ]      No conversion required, value is already a Date[]
2017-03-24 08:34:22  [ AWT-EventQueue-0:19378 ] - [ DEBUG ]  Setting default value: [Ljava.util.Calendar;@6e9f0a2b
2017-03-24 08:34:22  [ AWT-EventQueue-0:19378 ] - [ DEBUG ]  Converting 'Calendar[]' value '[Ljava.util.Calendar;@6e9f0a2b' to type 'Calendar[]'
2017-03-24 08:34:22  [ AWT-EventQueue-0:19378 ] - [ DEBUG ]      No conversion required, value is already a Calendar[]
2017-03-24 08:34:22  [ AWT-EventQueue-0:19378 ] - [ DEBUG ]  Setting default value: [Ljava.io.File;@cd6ca70
2017-03-24 08:34:22  [ AWT-EventQueue-0:19378 ] - [ DEBUG ]  Converting 'java.io.File[]' value '[Ljava.io.File;@cd6ca70' to type 'java.io.File[]'
2017-03-24 08:34:22  [ AWT-EventQueue-0:19378 ] - [ DEBUG ]      No conversion required, value is already a java.io.File[]
2017-03-24 08:34:22  [ AWT-EventQueue-0:19378 ] - [ DEBUG ]  Setting default value: [Ljava.sql.Date;@5c5dcc9a
2017-03-24 08:34:22  [ AWT-EventQueue-0:19378 ] - [ DEBUG ]  Converting 'java.sql.Date[]' value '[Ljava.sql.Date;@5c5dcc9a' to type 'java.sql.Date[]'
2017-03-24 08:34:22  [ AWT-EventQueue-0:19378 ] - [ DEBUG ]      No conversion required, value is already a java.sql.Date[]
2017-03-24 08:34:22  [ AWT-EventQueue-0:19379 ] - [ DEBUG ]  Setting default value: [Ljava.sql.Time;@3ffd4690
2017-03-24 08:34:22  [ AWT-EventQueue-0:19379 ] - [ DEBUG ]  Converting 'java.sql.Time[]' value '[Ljava.sql.Time;@3ffd4690' to type 'java.sql.Time[]'
2017-03-24 08:34:22  [ AWT-EventQueue-0:19379 ] - [ DEBUG ]      No conversion required, value is already a java.sql.Time[]
2017-03-24 08:34:22  [ AWT-EventQueue-0:19379 ] - [ DEBUG ]  Setting default value: [Ljava.sql.Timestamp;@6d5ee6e1
2017-03-24 08:34:22  [ AWT-EventQueue-0:19379 ] - [ DEBUG ]  Converting 'java.sql.Timestamp[]' value '[Ljava.sql.Timestamp;@6d5ee6e1' to type 'java.sql.Timestamp[]'
2017-03-24 08:34:22  [ AWT-EventQueue-0:19379 ] - [ DEBUG ]      No conversion required, value is already a java.sql.Timestamp[]
2017-03-24 08:34:22  [ AWT-EventQueue-0:19379 ] - [ DEBUG ]  Setting default value: [Ljava.net.URL;@2959788f
2017-03-24 08:34:22  [ AWT-EventQueue-0:19379 ] - [ DEBUG ]  Converting 'java.net.URL[]' value '[Ljava.net.URL;@2959788f' to type 'java.net.URL[]'
2017-03-24 08:34:22  [ AWT-EventQueue-0:19379 ] - [ DEBUG ]      No conversion required, value is already a java.net.URL[]
2017-03-24 10:27:47  [ main:1 ] - [ DEBUG ]  D:\workspace\JavaNetCap2\conf\setting.properties
2017-03-24 10:32:57  [ main:0 ] - [ DEBUG ]  D:\workspace\JavaNetCap2\conf\setting.properties
2017-03-24 10:39:18  [ AWT-EventQueue-0:381361 ] - [ DEBUG ]  Setting default value: false
2017-03-24 10:39:18  [ AWT-EventQueue-0:381361 ] - [ DEBUG ]  Converting 'Boolean' value 'false' to type 'Boolean'
2017-03-24 10:39:18  [ AWT-EventQueue-0:381362 ] - [ DEBUG ]      No conversion required, value is already a Boolean
2017-03-24 10:39:18  [ AWT-EventQueue-0:381365 ] - [ DEBUG ]  Setting default value: 0
2017-03-24 10:39:18  [ AWT-EventQueue-0:381365 ] - [ DEBUG ]  Converting 'Integer' value '0' to type 'Byte'
2017-03-24 10:39:18  [ AWT-EventQueue-0:381366 ] - [ DEBUG ]      Converted to Byte value '0'
2017-03-24 10:39:18  [ AWT-EventQueue-0:381367 ] - [ DEBUG ]  Setting default value:  
2017-03-24 10:39:18  [ AWT-EventQueue-0:381367 ] - [ DEBUG ]  Converting 'Character' value ' ' to type 'Character'
2017-03-24 10:39:18  [ AWT-EventQueue-0:381367 ] - [ DEBUG ]      No conversion required, value is already a Character
2017-03-24 10:39:18  [ AWT-EventQueue-0:381368 ] - [ DEBUG ]  Setting default value: 0
2017-03-24 10:39:18  [ AWT-EventQueue-0:381368 ] - [ DEBUG ]  Converting 'Integer' value '0' to type 'Double'
2017-03-24 10:39:18  [ AWT-EventQueue-0:381369 ] - [ DEBUG ]      Converted to Double value '0.0'
2017-03-24 10:39:18  [ AWT-EventQueue-0:381370 ] - [ DEBUG ]  Setting default value: 0
2017-03-24 10:39:18  [ AWT-EventQueue-0:381370 ] - [ DEBUG ]  Converting 'Integer' value '0' to type 'Float'
2017-03-24 10:39:18  [ AWT-EventQueue-0:381370 ] - [ DEBUG ]      Converted to Float value '0.0'
2017-03-24 10:39:18  [ AWT-EventQueue-0:381371 ] - [ DEBUG ]  Setting default value: 0
2017-03-24 10:39:18  [ AWT-EventQueue-0:381372 ] - [ DEBUG ]  Converting 'Integer' value '0' to type 'Integer'
2017-03-24 10:39:18  [ AWT-EventQueue-0:381372 ] - [ DEBUG ]      No conversion required, value is already a Integer
2017-03-24 10:39:18  [ AWT-EventQueue-0:381373 ] - [ DEBUG ]  Setting default value: 0
2017-03-24 10:39:18  [ AWT-EventQueue-0:381373 ] - [ DEBUG ]  Converting 'Integer' value '0' to type 'Long'
2017-03-24 10:39:18  [ AWT-EventQueue-0:381373 ] - [ DEBUG ]      Converted to Long value '0'
2017-03-24 10:39:18  [ AWT-EventQueue-0:381374 ] - [ DEBUG ]  Setting default value: 0
2017-03-24 10:39:18  [ AWT-EventQueue-0:381375 ] - [ DEBUG ]  Converting 'Integer' value '0' to type 'Short'
2017-03-24 10:39:18  [ AWT-EventQueue-0:381375 ] - [ DEBUG ]      Converted to Short value '0'
2017-03-24 10:39:18  [ AWT-EventQueue-0:381376 ] - [ DEBUG ]  Setting default value: 0.0
2017-03-24 10:39:18  [ AWT-EventQueue-0:381377 ] - [ DEBUG ]  Converting 'BigDecimal' value '0.0' to type 'BigDecimal'
2017-03-24 10:39:18  [ AWT-EventQueue-0:381377 ] - [ DEBUG ]      No conversion required, value is already a BigDecimal
2017-03-24 10:39:18  [ AWT-EventQueue-0:381378 ] - [ DEBUG ]  Setting default value: 0
2017-03-24 10:39:18  [ AWT-EventQueue-0:381378 ] - [ DEBUG ]  Converting 'BigInteger' value '0' to type 'BigInteger'
2017-03-24 10:39:18  [ AWT-EventQueue-0:381378 ] - [ DEBUG ]      No conversion required, value is already a BigInteger
2017-03-24 10:39:18  [ AWT-EventQueue-0:381378 ] - [ DEBUG ]  Setting default value: false
2017-03-24 10:39:18  [ AWT-EventQueue-0:381378 ] - [ DEBUG ]  Converting 'Boolean' value 'false' to type 'Boolean'
2017-03-24 10:39:18  [ AWT-EventQueue-0:381378 ] - [ DEBUG ]      No conversion required, value is already a Boolean
2017-03-24 10:39:18  [ AWT-EventQueue-0:381378 ] - [ DEBUG ]  Setting default value: 0
2017-03-24 10:39:18  [ AWT-EventQueue-0:381379 ] - [ DEBUG ]  Converting 'Integer' value '0' to type 'Byte'
2017-03-24 10:39:18  [ AWT-EventQueue-0:381379 ] - [ DEBUG ]      Converted to Byte value '0'
2017-03-24 10:39:18  [ AWT-EventQueue-0:381379 ] - [ DEBUG ]  Setting default value:  
2017-03-24 10:39:18  [ AWT-EventQueue-0:381379 ] - [ DEBUG ]  Converting 'Character' value ' ' to type 'Character'
2017-03-24 10:39:18  [ AWT-EventQueue-0:381379 ] - [ DEBUG ]      No conversion required, value is already a Character
2017-03-24 10:39:18  [ AWT-EventQueue-0:381379 ] - [ DEBUG ]  Setting default value: 0
2017-03-24 10:39:18  [ AWT-EventQueue-0:381379 ] - [ DEBUG ]  Converting 'Integer' value '0' to type 'Double'
2017-03-24 10:39:18  [ AWT-EventQueue-0:381379 ] - [ DEBUG ]      Converted to Double value '0.0'
2017-03-24 10:39:18  [ AWT-EventQueue-0:381379 ] - [ DEBUG ]  Setting default value: 0
2017-03-24 10:39:18  [ AWT-EventQueue-0:381379 ] - [ DEBUG ]  Converting 'Integer' value '0' to type 'Float'
2017-03-24 10:39:18  [ AWT-EventQueue-0:381380 ] - [ DEBUG ]      Converted to Float value '0.0'
2017-03-24 10:39:18  [ AWT-EventQueue-0:381380 ] - [ DEBUG ]  Setting default value: 0
2017-03-24 10:39:18  [ AWT-EventQueue-0:381380 ] - [ DEBUG ]  Converting 'Integer' value '0' to type 'Integer'
2017-03-24 10:39:18  [ AWT-EventQueue-0:381380 ] - [ DEBUG ]      No conversion required, value is already a Integer
2017-03-24 10:39:18  [ AWT-EventQueue-0:381380 ] - [ DEBUG ]  Setting default value: 0
2017-03-24 10:39:18  [ AWT-EventQueue-0:381380 ] - [ DEBUG ]  Converting 'Integer' value '0' to type 'Long'
2017-03-24 10:39:18  [ AWT-EventQueue-0:381380 ] - [ DEBUG ]      Converted to Long value '0'
2017-03-24 10:39:18  [ AWT-EventQueue-0:381380 ] - [ DEBUG ]  Setting default value: 0
2017-03-24 10:39:18  [ AWT-EventQueue-0:381380 ] - [ DEBUG ]  Converting 'Integer' value '0' to type 'Short'
2017-03-24 10:39:18  [ AWT-EventQueue-0:381380 ] - [ DEBUG ]      Converted to Short value '0'
2017-03-24 10:39:18  [ AWT-EventQueue-0:381382 ] - [ DEBUG ]  Setting default value: 
2017-03-24 10:39:18  [ AWT-EventQueue-0:381382 ] - [ DEBUG ]  Converting 'String' value '' to type 'String'
2017-03-24 10:39:18  [ AWT-EventQueue-0:381393 ] - [ DEBUG ]  Setting default value: [Z@31ac9d37
2017-03-24 10:39:18  [ AWT-EventQueue-0:381394 ] - [ DEBUG ]  Converting 'boolean[]' value '[Z@31ac9d37' to type 'boolean[]'
2017-03-24 10:39:18  [ AWT-EventQueue-0:381394 ] - [ DEBUG ]      No conversion required, value is already a boolean[]
2017-03-24 10:39:18  [ AWT-EventQueue-0:381394 ] - [ DEBUG ]  Setting default value: [B@7402ba93
2017-03-24 10:39:18  [ AWT-EventQueue-0:381394 ] - [ DEBUG ]  Converting 'byte[]' value '[B@7402ba93' to type 'byte[]'
2017-03-24 10:39:18  [ AWT-EventQueue-0:381394 ] - [ DEBUG ]      No conversion required, value is already a byte[]
2017-03-24 10:39:18  [ AWT-EventQueue-0:381394 ] - [ DEBUG ]  Setting default value: [C@4827fab4
2017-03-24 10:39:18  [ AWT-EventQueue-0:381394 ] - [ DEBUG ]  Converting 'char[]' value '[C@4827fab4' to type 'char[]'
2017-03-24 10:39:18  [ AWT-EventQueue-0:381395 ] - [ DEBUG ]      No conversion required, value is already a char[]
2017-03-24 10:39:18  [ AWT-EventQueue-0:381395 ] - [ DEBUG ]  Setting default value: [D@1cf632cf
2017-03-24 10:39:18  [ AWT-EventQueue-0:381395 ] - [ DEBUG ]  Converting 'double[]' value '[D@1cf632cf' to type 'double[]'
2017-03-24 10:39:18  [ AWT-EventQueue-0:381395 ] - [ DEBUG ]      No conversion required, value is already a double[]
2017-03-24 10:39:18  [ AWT-EventQueue-0:381395 ] - [ DEBUG ]  Setting default value: [F@49e65143
2017-03-24 10:39:18  [ AWT-EventQueue-0:381395 ] - [ DEBUG ]  Converting 'float[]' value '[F@49e65143' to type 'float[]'
2017-03-24 10:39:18  [ AWT-EventQueue-0:381395 ] - [ DEBUG ]      No conversion required, value is already a float[]
2017-03-24 10:39:18  [ AWT-EventQueue-0:381395 ] - [ DEBUG ]  Setting default value: [I@2851acce
2017-03-24 10:39:18  [ AWT-EventQueue-0:381395 ] - [ DEBUG ]  Converting 'int[]' value '[I@2851acce' to type 'int[]'
2017-03-24 10:39:18  [ AWT-EventQueue-0:381396 ] - [ DEBUG ]      No conversion required, value is already a int[]
2017-03-24 10:39:18  [ AWT-EventQueue-0:381396 ] - [ DEBUG ]  Setting default value: [J@5fd4012a
2017-03-24 10:39:18  [ AWT-EventQueue-0:381396 ] - [ DEBUG ]  Converting 'long[]' value '[J@5fd4012a' to type 'long[]'
2017-03-24 10:39:18  [ AWT-EventQueue-0:381396 ] - [ DEBUG ]      No conversion required, value is already a long[]
2017-03-24 10:39:18  [ AWT-EventQueue-0:381396 ] - [ DEBUG ]  Setting default value: [S@72192055
2017-03-24 10:39:18  [ AWT-EventQueue-0:381396 ] - [ DEBUG ]  Converting 'short[]' value '[S@72192055' to type 'short[]'
2017-03-24 10:39:18  [ AWT-EventQueue-0:381396 ] - [ DEBUG ]      No conversion required, value is already a short[]
2017-03-24 10:39:18  [ AWT-EventQueue-0:381396 ] - [ DEBUG ]  Setting default value: [Ljava.math.BigDecimal;@90e1b1c
2017-03-24 10:39:18  [ AWT-EventQueue-0:381396 ] - [ DEBUG ]  Converting 'BigDecimal[]' value '[Ljava.math.BigDecimal;@90e1b1c' to type 'BigDecimal[]'
2017-03-24 10:39:18  [ AWT-EventQueue-0:381397 ] - [ DEBUG ]      No conversion required, value is already a BigDecimal[]
2017-03-24 10:39:18  [ AWT-EventQueue-0:381397 ] - [ DEBUG ]  Setting default value: [Ljava.math.BigInteger;@2c9ce12f
2017-03-24 10:39:18  [ AWT-EventQueue-0:381397 ] - [ DEBUG ]  Converting 'BigInteger[]' value '[Ljava.math.BigInteger;@2c9ce12f' to type 'BigInteger[]'
2017-03-24 10:39:18  [ AWT-EventQueue-0:381397 ] - [ DEBUG ]      No conversion required, value is already a BigInteger[]
2017-03-24 10:39:18  [ AWT-EventQueue-0:381397 ] - [ DEBUG ]  Setting default value: [Ljava.lang.Boolean;@53be68c7
2017-03-24 10:39:18  [ AWT-EventQueue-0:381397 ] - [ DEBUG ]  Converting 'Boolean[]' value '[Ljava.lang.Boolean;@53be68c7' to type 'Boolean[]'
2017-03-24 10:39:18  [ AWT-EventQueue-0:381397 ] - [ DEBUG ]      No conversion required, value is already a Boolean[]
2017-03-24 10:39:18  [ AWT-EventQueue-0:381397 ] - [ DEBUG ]  Setting default value: [Ljava.lang.Byte;@689ee16d
2017-03-24 10:39:18  [ AWT-EventQueue-0:381397 ] - [ DEBUG ]  Converting 'Byte[]' value '[Ljava.lang.Byte;@689ee16d' to type 'Byte[]'
2017-03-24 10:39:18  [ AWT-EventQueue-0:381397 ] - [ DEBUG ]      No conversion required, value is already a Byte[]
2017-03-24 10:39:18  [ AWT-EventQueue-0:381398 ] - [ DEBUG ]  Setting default value: [Ljava.lang.Character;@11b1d199
2017-03-24 10:39:18  [ AWT-EventQueue-0:381398 ] - [ DEBUG ]  Converting 'Character[]' value '[Ljava.lang.Character;@11b1d199' to type 'Character[]'
2017-03-24 10:39:18  [ AWT-EventQueue-0:381398 ] - [ DEBUG ]      No conversion required, value is already a Character[]
2017-03-24 10:39:18  [ AWT-EventQueue-0:381398 ] - [ DEBUG ]  Setting default value: [Ljava.lang.Double;@5aefdf19
2017-03-24 10:39:18  [ AWT-EventQueue-0:381398 ] - [ DEBUG ]  Converting 'Double[]' value '[Ljava.lang.Double;@5aefdf19' to type 'Double[]'
2017-03-24 10:39:18  [ AWT-EventQueue-0:381398 ] - [ DEBUG ]      No conversion required, value is already a Double[]
2017-03-24 10:39:18  [ AWT-EventQueue-0:381398 ] - [ DEBUG ]  Setting default value: [Ljava.lang.Float;@7a376cd3
2017-03-24 10:39:18  [ AWT-EventQueue-0:381398 ] - [ DEBUG ]  Converting 'Float[]' value '[Ljava.lang.Float;@7a376cd3' to type 'Float[]'
2017-03-24 10:39:18  [ AWT-EventQueue-0:381398 ] - [ DEBUG ]      No conversion required, value is already a Float[]
2017-03-24 10:39:18  [ AWT-EventQueue-0:381398 ] - [ DEBUG ]  Setting default value: [Ljava.lang.Integer;@65bd6f71
2017-03-24 10:39:18  [ AWT-EventQueue-0:381399 ] - [ DEBUG ]  Converting 'Integer[]' value '[Ljava.lang.Integer;@65bd6f71' to type 'Integer[]'
2017-03-24 10:39:18  [ AWT-EventQueue-0:381399 ] - [ DEBUG ]      No conversion required, value is already a Integer[]
2017-03-24 10:39:18  [ AWT-EventQueue-0:381399 ] - [ DEBUG ]  Setting default value: [Ljava.lang.Long;@7a1f5746
2017-03-24 10:39:18  [ AWT-EventQueue-0:381399 ] - [ DEBUG ]  Converting 'Long[]' value '[Ljava.lang.Long;@7a1f5746' to type 'Long[]'
2017-03-24 10:39:18  [ AWT-EventQueue-0:381399 ] - [ DEBUG ]      No conversion required, value is already a Long[]
2017-03-24 10:39:18  [ AWT-EventQueue-0:381399 ] - [ DEBUG ]  Setting default value: [Ljava.lang.Short;@5eac580b
2017-03-24 10:39:18  [ AWT-EventQueue-0:381399 ] - [ DEBUG ]  Converting 'Short[]' value '[Ljava.lang.Short;@5eac580b' to type 'Short[]'
2017-03-24 10:39:18  [ AWT-EventQueue-0:381400 ] - [ DEBUG ]      No conversion required, value is already a Short[]
2017-03-24 10:39:18  [ AWT-EventQueue-0:381400 ] - [ DEBUG ]  Setting default value: [Ljava.lang.String;@1fbce6f9
2017-03-24 10:39:18  [ AWT-EventQueue-0:381400 ] - [ DEBUG ]  Converting 'String[]' value '[Ljava.lang.String;@1fbce6f9' to type 'String[]'
2017-03-24 10:39:18  [ AWT-EventQueue-0:381400 ] - [ DEBUG ]      No conversion required, value is already a String[]
2017-03-24 10:39:18  [ AWT-EventQueue-0:381400 ] - [ DEBUG ]  Setting default value: [Ljava.lang.Class;@1174d498
2017-03-24 10:39:18  [ AWT-EventQueue-0:381400 ] - [ DEBUG ]  Converting 'Class[]' value '[Ljava.lang.Class;@1174d498' to type 'Class[]'
2017-03-24 10:39:18  [ AWT-EventQueue-0:381400 ] - [ DEBUG ]      No conversion required, value is already a Class[]
2017-03-24 10:39:18  [ AWT-EventQueue-0:381406 ] - [ DEBUG ]  Setting default value: [Ljava.util.Date;@11510497
2017-03-24 10:39:18  [ AWT-EventQueue-0:381407 ] - [ DEBUG ]  Converting 'Date[]' value '[Ljava.util.Date;@11510497' to type 'Date[]'
2017-03-24 10:39:18  [ AWT-EventQueue-0:381407 ] - [ DEBUG ]      No conversion required, value is already a Date[]
2017-03-24 10:39:18  [ AWT-EventQueue-0:381407 ] - [ DEBUG ]  Setting default value: [Ljava.util.Calendar;@5572dad1
2017-03-24 10:39:18  [ AWT-EventQueue-0:381407 ] - [ DEBUG ]  Converting 'Calendar[]' value '[Ljava.util.Calendar;@5572dad1' to type 'Calendar[]'
2017-03-24 10:39:18  [ AWT-EventQueue-0:381407 ] - [ DEBUG ]      No conversion required, value is already a Calendar[]
2017-03-24 10:39:18  [ AWT-EventQueue-0:381407 ] - [ DEBUG ]  Setting default value: [Ljava.io.File;@7b79d18a
2017-03-24 10:39:18  [ AWT-EventQueue-0:381407 ] - [ DEBUG ]  Converting 'java.io.File[]' value '[Ljava.io.File;@7b79d18a' to type 'java.io.File[]'
2017-03-24 10:39:18  [ AWT-EventQueue-0:381407 ] - [ DEBUG ]      No conversion required, value is already a java.io.File[]
2017-03-24 10:39:18  [ AWT-EventQueue-0:381407 ] - [ DEBUG ]  Setting default value: [Ljava.sql.Date;@1eec3dab
2017-03-24 10:39:18  [ AWT-EventQueue-0:381408 ] - [ DEBUG ]  Converting 'java.sql.Date[]' value '[Ljava.sql.Date;@1eec3dab' to type 'java.sql.Date[]'
2017-03-24 10:39:18  [ AWT-EventQueue-0:381408 ] - [ DEBUG ]      No conversion required, value is already a java.sql.Date[]
2017-03-24 10:39:18  [ AWT-EventQueue-0:381408 ] - [ DEBUG ]  Setting default value: [Ljava.sql.Time;@61546e90
2017-03-24 10:39:18  [ AWT-EventQueue-0:381408 ] - [ DEBUG ]  Converting 'java.sql.Time[]' value '[Ljava.sql.Time;@61546e90' to type 'java.sql.Time[]'
2017-03-24 10:39:18  [ AWT-EventQueue-0:381408 ] - [ DEBUG ]      No conversion required, value is already a java.sql.Time[]
2017-03-24 10:39:18  [ AWT-EventQueue-0:381409 ] - [ DEBUG ]  Setting default value: [Ljava.sql.Timestamp;@1da60d2e
2017-03-24 10:39:18  [ AWT-EventQueue-0:381409 ] - [ DEBUG ]  Converting 'java.sql.Timestamp[]' value '[Ljava.sql.Timestamp;@1da60d2e' to type 'java.sql.Timestamp[]'
2017-03-24 10:39:18  [ AWT-EventQueue-0:381409 ] - [ DEBUG ]      No conversion required, value is already a java.sql.Timestamp[]
2017-03-24 10:39:18  [ AWT-EventQueue-0:381409 ] - [ DEBUG ]  Setting default value: [Ljava.net.URL;@2b24110d
2017-03-24 10:39:18  [ AWT-EventQueue-0:381409 ] - [ DEBUG ]  Converting 'java.net.URL[]' value '[Ljava.net.URL;@2b24110d' to type 'java.net.URL[]'
2017-03-24 10:39:18  [ AWT-EventQueue-0:381409 ] - [ DEBUG ]      No conversion required, value is already a java.net.URL[]
2017-03-24 10:45:35  [ main:0 ] - [ DEBUG ]  D:\workspace\JavaNetCap2\conf\setting.properties
2017-03-24 10:46:40  [ AWT-EventQueue-0:65687 ] - [ DEBUG ]  Setting default value: false
2017-03-24 10:46:40  [ AWT-EventQueue-0:65687 ] - [ DEBUG ]  Converting 'Boolean' value 'false' to type 'Boolean'
2017-03-24 10:46:40  [ AWT-EventQueue-0:65688 ] - [ DEBUG ]      No conversion required, value is already a Boolean
2017-03-24 10:46:40  [ AWT-EventQueue-0:65692 ] - [ DEBUG ]  Setting default value: 0
2017-03-24 10:46:40  [ AWT-EventQueue-0:65692 ] - [ DEBUG ]  Converting 'Integer' value '0' to type 'Byte'
2017-03-24 10:46:40  [ AWT-EventQueue-0:65692 ] - [ DEBUG ]      Converted to Byte value '0'
2017-03-24 10:46:40  [ AWT-EventQueue-0:65693 ] - [ DEBUG ]  Setting default value:  
2017-03-24 10:46:40  [ AWT-EventQueue-0:65694 ] - [ DEBUG ]  Converting 'Character' value ' ' to type 'Character'
2017-03-24 10:46:40  [ AWT-EventQueue-0:65694 ] - [ DEBUG ]      No conversion required, value is already a Character
2017-03-24 10:46:40  [ AWT-EventQueue-0:65695 ] - [ DEBUG ]  Setting default value: 0
2017-03-24 10:46:40  [ AWT-EventQueue-0:65695 ] - [ DEBUG ]  Converting 'Integer' value '0' to type 'Double'
2017-03-24 10:46:40  [ AWT-EventQueue-0:65695 ] - [ DEBUG ]      Converted to Double value '0.0'
2017-03-24 10:46:41  [ AWT-EventQueue-0:65696 ] - [ DEBUG ]  Setting default value: 0
2017-03-24 10:46:41  [ AWT-EventQueue-0:65696 ] - [ DEBUG ]  Converting 'Integer' value '0' to type 'Float'
2017-03-24 10:46:41  [ AWT-EventQueue-0:65697 ] - [ DEBUG ]      Converted to Float value '0.0'
2017-03-24 10:46:41  [ AWT-EventQueue-0:65698 ] - [ DEBUG ]  Setting default value: 0
2017-03-24 10:46:41  [ AWT-EventQueue-0:65698 ] - [ DEBUG ]  Converting 'Integer' value '0' to type 'Integer'
2017-03-24 10:46:41  [ AWT-EventQueue-0:65698 ] - [ DEBUG ]      No conversion required, value is already a Integer
2017-03-24 10:46:41  [ AWT-EventQueue-0:65699 ] - [ DEBUG ]  Setting default value: 0
2017-03-24 10:46:41  [ AWT-EventQueue-0:65699 ] - [ DEBUG ]  Converting 'Integer' value '0' to type 'Long'
2017-03-24 10:46:41  [ AWT-EventQueue-0:65699 ] - [ DEBUG ]      Converted to Long value '0'
2017-03-24 10:46:41  [ AWT-EventQueue-0:65700 ] - [ DEBUG ]  Setting default value: 0
2017-03-24 10:46:41  [ AWT-EventQueue-0:65701 ] - [ DEBUG ]  Converting 'Integer' value '0' to type 'Short'
2017-03-24 10:46:41  [ AWT-EventQueue-0:65701 ] - [ DEBUG ]      Converted to Short value '0'
2017-03-24 10:46:41  [ AWT-EventQueue-0:65702 ] - [ DEBUG ]  Setting default value: 0.0
2017-03-24 10:46:41  [ AWT-EventQueue-0:65702 ] - [ DEBUG ]  Converting 'BigDecimal' value '0.0' to type 'BigDecimal'
2017-03-24 10:46:41  [ AWT-EventQueue-0:65703 ] - [ DEBUG ]      No conversion required, value is already a BigDecimal
2017-03-24 10:46:41  [ AWT-EventQueue-0:65704 ] - [ DEBUG ]  Setting default value: 0
2017-03-24 10:46:41  [ AWT-EventQueue-0:65704 ] - [ DEBUG ]  Converting 'BigInteger' value '0' to type 'BigInteger'
2017-03-24 10:46:41  [ AWT-EventQueue-0:65704 ] - [ DEBUG ]      No conversion required, value is already a BigInteger
2017-03-24 10:46:41  [ AWT-EventQueue-0:65704 ] - [ DEBUG ]  Setting default value: false
2017-03-24 10:46:41  [ AWT-EventQueue-0:65704 ] - [ DEBUG ]  Converting 'Boolean' value 'false' to type 'Boolean'
2017-03-24 10:46:41  [ AWT-EventQueue-0:65704 ] - [ DEBUG ]      No conversion required, value is already a Boolean
2017-03-24 10:46:41  [ AWT-EventQueue-0:65704 ] - [ DEBUG ]  Setting default value: 0
2017-03-24 10:46:41  [ AWT-EventQueue-0:65705 ] - [ DEBUG ]  Converting 'Integer' value '0' to type 'Byte'
2017-03-24 10:46:41  [ AWT-EventQueue-0:65705 ] - [ DEBUG ]      Converted to Byte value '0'
2017-03-24 10:46:41  [ AWT-EventQueue-0:65705 ] - [ DEBUG ]  Setting default value:  
2017-03-24 10:46:41  [ AWT-EventQueue-0:65705 ] - [ DEBUG ]  Converting 'Character' value ' ' to type 'Character'
2017-03-24 10:46:41  [ AWT-EventQueue-0:65705 ] - [ DEBUG ]      No conversion required, value is already a Character
2017-03-24 10:46:41  [ AWT-EventQueue-0:65705 ] - [ DEBUG ]  Setting default value: 0
2017-03-24 10:46:41  [ AWT-EventQueue-0:65705 ] - [ DEBUG ]  Converting 'Integer' value '0' to type 'Double'
2017-03-24 10:46:41  [ AWT-EventQueue-0:65706 ] - [ DEBUG ]      Converted to Double value '0.0'
2017-03-24 10:46:41  [ AWT-EventQueue-0:65706 ] - [ DEBUG ]  Setting default value: 0
2017-03-24 10:46:41  [ AWT-EventQueue-0:65706 ] - [ DEBUG ]  Converting 'Integer' value '0' to type 'Float'
2017-03-24 10:46:41  [ AWT-EventQueue-0:65706 ] - [ DEBUG ]      Converted to Float value '0.0'
2017-03-24 10:46:41  [ AWT-EventQueue-0:65706 ] - [ DEBUG ]  Setting default value: 0
2017-03-24 10:46:41  [ AWT-EventQueue-0:65706 ] - [ DEBUG ]  Converting 'Integer' value '0' to type 'Integer'
2017-03-24 10:46:41  [ AWT-EventQueue-0:65706 ] - [ DEBUG ]      No conversion required, value is already a Integer
2017-03-24 10:46:41  [ AWT-EventQueue-0:65706 ] - [ DEBUG ]  Setting default value: 0
2017-03-24 10:46:41  [ AWT-EventQueue-0:65706 ] - [ DEBUG ]  Converting 'Integer' value '0' to type 'Long'
2017-03-24 10:46:41  [ AWT-EventQueue-0:65706 ] - [ DEBUG ]      Converted to Long value '0'
2017-03-24 10:46:41  [ AWT-EventQueue-0:65707 ] - [ DEBUG ]  Setting default value: 0
2017-03-24 10:46:41  [ AWT-EventQueue-0:65707 ] - [ DEBUG ]  Converting 'Integer' value '0' to type 'Short'
2017-03-24 10:46:41  [ AWT-EventQueue-0:65707 ] - [ DEBUG ]      Converted to Short value '0'
2017-03-24 10:46:41  [ AWT-EventQueue-0:65708 ] - [ DEBUG ]  Setting default value: 
2017-03-24 10:46:41  [ AWT-EventQueue-0:65708 ] - [ DEBUG ]  Converting 'String' value '' to type 'String'
2017-03-24 10:46:41  [ AWT-EventQueue-0:65720 ] - [ DEBUG ]  Setting default value: [Z@5719d4da
2017-03-24 10:46:41  [ AWT-EventQueue-0:65720 ] - [ DEBUG ]  Converting 'boolean[]' value '[Z@5719d4da' to type 'boolean[]'
2017-03-24 10:46:41  [ AWT-EventQueue-0:65720 ] - [ DEBUG ]      No conversion required, value is already a boolean[]
2017-03-24 10:46:41  [ AWT-EventQueue-0:65720 ] - [ DEBUG ]  Setting default value: [B@62431d1f
2017-03-24 10:46:41  [ AWT-EventQueue-0:65720 ] - [ DEBUG ]  Converting 'byte[]' value '[B@62431d1f' to type 'byte[]'
2017-03-24 10:46:41  [ AWT-EventQueue-0:65720 ] - [ DEBUG ]      No conversion required, value is already a byte[]
2017-03-24 10:46:41  [ AWT-EventQueue-0:65721 ] - [ DEBUG ]  Setting default value: [C@2e2c929
2017-03-24 10:46:41  [ AWT-EventQueue-0:65721 ] - [ DEBUG ]  Converting 'char[]' value '[C@2e2c929' to type 'char[]'
2017-03-24 10:46:41  [ AWT-EventQueue-0:65721 ] - [ DEBUG ]      No conversion required, value is already a char[]
2017-03-24 10:46:41  [ AWT-EventQueue-0:65721 ] - [ DEBUG ]  Setting default value: [D@1a53ddeb
2017-03-24 10:46:41  [ AWT-EventQueue-0:65721 ] - [ DEBUG ]  Converting 'double[]' value '[D@1a53ddeb' to type 'double[]'
2017-03-24 10:46:41  [ AWT-EventQueue-0:65721 ] - [ DEBUG ]      No conversion required, value is already a double[]
2017-03-24 10:46:41  [ AWT-EventQueue-0:65721 ] - [ DEBUG ]  Setting default value: [F@375757f
2017-03-24 10:46:41  [ AWT-EventQueue-0:65721 ] - [ DEBUG ]  Converting 'float[]' value '[F@375757f' to type 'float[]'
2017-03-24 10:46:41  [ AWT-EventQueue-0:65722 ] - [ DEBUG ]      No conversion required, value is already a float[]
2017-03-24 10:46:41  [ AWT-EventQueue-0:65722 ] - [ DEBUG ]  Setting default value: [I@79243beb
2017-03-24 10:46:41  [ AWT-EventQueue-0:65722 ] - [ DEBUG ]  Converting 'int[]' value '[I@79243beb' to type 'int[]'
2017-03-24 10:46:41  [ AWT-EventQueue-0:65722 ] - [ DEBUG ]      No conversion required, value is already a int[]
2017-03-24 10:46:41  [ AWT-EventQueue-0:65722 ] - [ DEBUG ]  Setting default value: [J@6d1b0e67
2017-03-24 10:46:41  [ AWT-EventQueue-0:65722 ] - [ DEBUG ]  Converting 'long[]' value '[J@6d1b0e67' to type 'long[]'
2017-03-24 10:46:41  [ AWT-EventQueue-0:65722 ] - [ DEBUG ]      No conversion required, value is already a long[]
2017-03-24 10:46:41  [ AWT-EventQueue-0:65722 ] - [ DEBUG ]  Setting default value: [S@69a33aaa
2017-03-24 10:46:41  [ AWT-EventQueue-0:65722 ] - [ DEBUG ]  Converting 'short[]' value '[S@69a33aaa' to type 'short[]'
2017-03-24 10:46:41  [ AWT-EventQueue-0:65723 ] - [ DEBUG ]      No conversion required, value is already a short[]
2017-03-24 10:46:41  [ AWT-EventQueue-0:65723 ] - [ DEBUG ]  Setting default value: [Ljava.math.BigDecimal;@41d5646c
2017-03-24 10:46:41  [ AWT-EventQueue-0:65723 ] - [ DEBUG ]  Converting 'BigDecimal[]' value '[Ljava.math.BigDecimal;@41d5646c' to type 'BigDecimal[]'
2017-03-24 10:46:41  [ AWT-EventQueue-0:65723 ] - [ DEBUG ]      No conversion required, value is already a BigDecimal[]
2017-03-24 10:46:41  [ AWT-EventQueue-0:65723 ] - [ DEBUG ]  Setting default value: [Ljava.math.BigInteger;@19f6e4de
2017-03-24 10:46:41  [ AWT-EventQueue-0:65723 ] - [ DEBUG ]  Converting 'BigInteger[]' value '[Ljava.math.BigInteger;@19f6e4de' to type 'BigInteger[]'
2017-03-24 10:46:41  [ AWT-EventQueue-0:65723 ] - [ DEBUG ]      No conversion required, value is already a BigInteger[]
2017-03-24 10:46:41  [ AWT-EventQueue-0:65723 ] - [ DEBUG ]  Setting default value: [Ljava.lang.Boolean;@2c2bb9b1
2017-03-24 10:46:41  [ AWT-EventQueue-0:65723 ] - [ DEBUG ]  Converting 'Boolean[]' value '[Ljava.lang.Boolean;@2c2bb9b1' to type 'Boolean[]'
2017-03-24 10:46:41  [ AWT-EventQueue-0:65724 ] - [ DEBUG ]      No conversion required, value is already a Boolean[]
2017-03-24 10:46:41  [ AWT-EventQueue-0:65724 ] - [ DEBUG ]  Setting default value: [Ljava.lang.Byte;@5c2db0f4
2017-03-24 10:46:41  [ AWT-EventQueue-0:65724 ] - [ DEBUG ]  Converting 'Byte[]' value '[Ljava.lang.Byte;@5c2db0f4' to type 'Byte[]'
2017-03-24 10:46:41  [ AWT-EventQueue-0:65724 ] - [ DEBUG ]      No conversion required, value is already a Byte[]
2017-03-24 10:46:41  [ AWT-EventQueue-0:65724 ] - [ DEBUG ]  Setting default value: [Ljava.lang.Character;@36b15919
2017-03-24 10:46:41  [ AWT-EventQueue-0:65724 ] - [ DEBUG ]  Converting 'Character[]' value '[Ljava.lang.Character;@36b15919' to type 'Character[]'
2017-03-24 10:46:41  [ AWT-EventQueue-0:65724 ] - [ DEBUG ]      No conversion required, value is already a Character[]
2017-03-24 10:46:41  [ AWT-EventQueue-0:65724 ] - [ DEBUG ]  Setting default value: [Ljava.lang.Double;@18cf8b05
2017-03-24 10:46:41  [ AWT-EventQueue-0:65724 ] - [ DEBUG ]  Converting 'Double[]' value '[Ljava.lang.Double;@18cf8b05' to type 'Double[]'
2017-03-24 10:46:41  [ AWT-EventQueue-0:65724 ] - [ DEBUG ]      No conversion required, value is already a Double[]
2017-03-24 10:46:41  [ AWT-EventQueue-0:65725 ] - [ DEBUG ]  Setting default value: [Ljava.lang.Float;@69d85f9c
2017-03-24 10:46:41  [ AWT-EventQueue-0:65725 ] - [ DEBUG ]  Converting 'Float[]' value '[Ljava.lang.Float;@69d85f9c' to type 'Float[]'
2017-03-24 10:46:41  [ AWT-EventQueue-0:65725 ] - [ DEBUG ]      No conversion required, value is already a Float[]
2017-03-24 10:46:41  [ AWT-EventQueue-0:65725 ] - [ DEBUG ]  Setting default value: [Ljava.lang.Integer;@58c3f843
2017-03-24 10:46:41  [ AWT-EventQueue-0:65725 ] - [ DEBUG ]  Converting 'Integer[]' value '[Ljava.lang.Integer;@58c3f843' to type 'Integer[]'
2017-03-24 10:46:41  [ AWT-EventQueue-0:65725 ] - [ DEBUG ]      No conversion required, value is already a Integer[]
2017-03-24 10:46:41  [ AWT-EventQueue-0:65725 ] - [ DEBUG ]  Setting default value: [Ljava.lang.Long;@64861bd3
2017-03-24 10:46:41  [ AWT-EventQueue-0:65725 ] - [ DEBUG ]  Converting 'Long[]' value '[Ljava.lang.Long;@64861bd3' to type 'Long[]'
2017-03-24 10:46:41  [ AWT-EventQueue-0:65726 ] - [ DEBUG ]      No conversion required, value is already a Long[]
2017-03-24 10:46:41  [ AWT-EventQueue-0:65726 ] - [ DEBUG ]  Setting default value: [Ljava.lang.Short;@7523e5
2017-03-24 10:46:41  [ AWT-EventQueue-0:65726 ] - [ DEBUG ]  Converting 'Short[]' value '[Ljava.lang.Short;@7523e5' to type 'Short[]'
2017-03-24 10:46:41  [ AWT-EventQueue-0:65726 ] - [ DEBUG ]      No conversion required, value is already a Short[]
2017-03-24 10:46:41  [ AWT-EventQueue-0:65726 ] - [ DEBUG ]  Setting default value: [Ljava.lang.String;@2b7ab8c8
2017-03-24 10:46:41  [ AWT-EventQueue-0:65726 ] - [ DEBUG ]  Converting 'String[]' value '[Ljava.lang.String;@2b7ab8c8' to type 'String[]'
2017-03-24 10:46:41  [ AWT-EventQueue-0:65726 ] - [ DEBUG ]      No conversion required, value is already a String[]
2017-03-24 10:46:41  [ AWT-EventQueue-0:65726 ] - [ DEBUG ]  Setting default value: [Ljava.lang.Class;@6c3c5c04
2017-03-24 10:46:41  [ AWT-EventQueue-0:65726 ] - [ DEBUG ]  Converting 'Class[]' value '[Ljava.lang.Class;@6c3c5c04' to type 'Class[]'
2017-03-24 10:46:41  [ AWT-EventQueue-0:65727 ] - [ DEBUG ]      No conversion required, value is already a Class[]
2017-03-24 10:46:41  [ AWT-EventQueue-0:65727 ] - [ DEBUG ]  Setting default value: [Ljava.util.Date;@38308ad3
2017-03-24 10:46:41  [ AWT-EventQueue-0:65727 ] - [ DEBUG ]  Converting 'Date[]' value '[Ljava.util.Date;@38308ad3' to type 'Date[]'
2017-03-24 10:46:41  [ AWT-EventQueue-0:65727 ] - [ DEBUG ]      No conversion required, value is already a Date[]
2017-03-24 10:46:41  [ AWT-EventQueue-0:65727 ] - [ DEBUG ]  Setting default value: [Ljava.util.Calendar;@6fb1ba35
2017-03-24 10:46:41  [ AWT-EventQueue-0:65727 ] - [ DEBUG ]  Converting 'Calendar[]' value '[Ljava.util.Calendar;@6fb1ba35' to type 'Calendar[]'
2017-03-24 10:46:41  [ AWT-EventQueue-0:65727 ] - [ DEBUG ]      No conversion required, value is already a Calendar[]
2017-03-24 10:46:41  [ AWT-EventQueue-0:65727 ] - [ DEBUG ]  Setting default value: [Ljava.io.File;@5d397f46
2017-03-24 10:46:41  [ AWT-EventQueue-0:65727 ] - [ DEBUG ]  Converting 'java.io.File[]' value '[Ljava.io.File;@5d397f46' to type 'java.io.File[]'
2017-03-24 10:46:41  [ AWT-EventQueue-0:65728 ] - [ DEBUG ]      No conversion required, value is already a java.io.File[]
2017-03-24 10:46:41  [ AWT-EventQueue-0:65728 ] - [ DEBUG ]  Setting default value: [Ljava.sql.Date;@3127aabd
2017-03-24 10:46:41  [ AWT-EventQueue-0:65728 ] - [ DEBUG ]  Converting 'java.sql.Date[]' value '[Ljava.sql.Date;@3127aabd' to type 'java.sql.Date[]'
2017-03-24 10:46:41  [ AWT-EventQueue-0:65728 ] - [ DEBUG ]      No conversion required, value is already a java.sql.Date[]
2017-03-24 10:46:41  [ AWT-EventQueue-0:65728 ] - [ DEBUG ]  Setting default value: [Ljava.sql.Time;@5ed5a8f4
2017-03-24 10:46:41  [ AWT-EventQueue-0:65728 ] - [ DEBUG ]  Converting 'java.sql.Time[]' value '[Ljava.sql.Time;@5ed5a8f4' to type 'java.sql.Time[]'
2017-03-24 10:46:41  [ AWT-EventQueue-0:65728 ] - [ DEBUG ]      No conversion required, value is already a java.sql.Time[]
2017-03-24 10:46:41  [ AWT-EventQueue-0:65728 ] - [ DEBUG ]  Setting default value: [Ljava.sql.Timestamp;@2f6407ee
2017-03-24 10:46:41  [ AWT-EventQueue-0:65729 ] - [ DEBUG ]  Converting 'java.sql.Timestamp[]' value '[Ljava.sql.Timestamp;@2f6407ee' to type 'java.sql.Timestamp[]'
2017-03-24 10:46:41  [ AWT-EventQueue-0:65729 ] - [ DEBUG ]      No conversion required, value is already a java.sql.Timestamp[]
2017-03-24 10:46:41  [ AWT-EventQueue-0:65729 ] - [ DEBUG ]  Setting default value: [Ljava.net.URL;@15233e8e
2017-03-24 10:46:41  [ AWT-EventQueue-0:65729 ] - [ DEBUG ]  Converting 'java.net.URL[]' value '[Ljava.net.URL;@15233e8e' to type 'java.net.URL[]'
2017-03-24 10:46:41  [ AWT-EventQueue-0:65729 ] - [ DEBUG ]      No conversion required, value is already a java.net.URL[]
2017-03-24 11:04:39  [ main:0 ] - [ DEBUG ]  D:\workspace\JavaNetCap2\conf\setting.properties
2017-03-24 11:04:56  [ AWT-EventQueue-0:16837 ] - [ DEBUG ]  D:\workspace\JavaNetCap2\src\test\AbstractTableModelTest.java
2017-03-24 11:04:56  [ AWT-EventQueue-0:16878 ] - [ DEBUG ]  properties is saved:true
2017-03-24 11:04:58  [ AWT-EventQueue-0:18922 ] - [ DEBUG ]  Saved:true
2017-03-24 11:05:09  [ AWT-EventQueue-0:29608 ] - [ DEBUG ]  D:\workspace\JavaNetCap2\src\test\AbstractTableModelTest.java
2017-03-24 11:05:09  [ AWT-EventQueue-0:29610 ] - [ DEBUG ]  properties is saved:true
2017-03-24 11:05:11  [ AWT-EventQueue-0:31682 ] - [ DEBUG ]  Saved:true
2017-03-24 11:17:43  [ main:0 ] - [ DEBUG ]  D:\workspace\JavaNetCap2\conf\setting.properties
2017-03-24 11:17:55  [ AWT-EventQueue-0:11673 ] - [ DEBUG ]  D:\workspace\JavaNetCap2\src\test\AbstractTableModelTest.java
2017-03-24 11:17:55  [ AWT-EventQueue-0:11675 ] - [ DEBUG ]  properties is saved:true
2017-03-24 11:18:04  [ AWT-EventQueue-0:20927 ] - [ DEBUG ]  Saved:true
2017-03-24 11:23:35  [ main:0 ] - [ DEBUG ]  D:\workspace\JavaNetCap2\conf\setting.properties
2017-03-24 11:23:57  [ AWT-EventQueue-0:21537 ] - [ DEBUG ]  D:\workspace\JavaNetCap2\src\test\AbstractTableModelTest.java
2017-03-24 11:23:57  [ AWT-EventQueue-0:21538 ] - [ DEBUG ]  properties is saved:true
2017-03-24 11:23:59  [ AWT-EventQueue-0:23201 ] - [ DEBUG ]  Saved:true
2017-03-24 12:31:12  [ main:0 ] - [ DEBUG ]  D:\workspace\JavaNetCap2\conf\setting.properties
2017-03-24 12:36:41  [ main:0 ] - [ DEBUG ]  D:\workspace\JavaNetCap2\conf\setting.properties
2017-03-24 12:56:28  [ main:0 ] - [ DEBUG ]  D:\workspace\JavaNetCap2\conf\setting.properties
2017-03-24 13:00:15  [ main:0 ] - [ DEBUG ]  D:\workspace\JavaNetCap2\conf\setting.properties
2017-03-24 13:05:27  [ main:0 ] - [ DEBUG ]  D:\workspace\JavaNetCap2\conf\setting.properties
2017-03-24 13:09:38  [ main:1 ] - [ DEBUG ]  D:\workspace\JavaNetCap2\conf\setting.properties
2017-03-24 13:12:45  [ main:0 ] - [ DEBUG ]  D:\workspace\JavaNetCap2\conf\setting.properties
