2017-03-10 10:49:03  [ AWT-EventQueue-0:0 ] - [ DEBUG ]  Capture Thread is started...
2017-03-10 10:49:09  [ Thread-2:5589 ] - [ DEBUG ]  received packet number : 0
2017-03-10 10:49:15  [ Thread-2:11127 ] - [ DEBUG ]  received packet number : 0
2017-03-10 10:49:20  [ Thread-2:16712 ] - [ DEBUG ]  received packet number : 3
2017-03-10 10:49:21  [ Thread-2:17532 ] - [ DEBUG ]  begin to show and save data...
2017-03-10 10:49:21  [ Thread-2:17540 ] - [ DEBUG ]  begin to show and save data...
2017-03-10 10:49:21  [ Thread-2:17578 ] - [ DEBUG ]  received packet number : 22
2017-03-10 10:49:21  [ Thread-3:17625 ] - [ DEBUG ]  com.protocol.http.bean.HttpDataBean@469dca26
2017-03-10 10:49:21  [ Thread-3:17642 ] - [ DEBUG ]  com.protocol.http.bean.HttpDataBean@71a8b4f
2017-03-10 10:49:27  [ Thread-2:23267 ] - [ DEBUG ]  received packet number : 53
2017-03-10 10:49:32  [ Thread-2:28790 ] - [ DEBUG ]  received packet number : 0
2017-03-10 10:49:38  [ Thread-2:34330 ] - [ DEBUG ]  received packet number : 0
2017-03-10 10:49:41  [ Thread-2:37619 ] - [ DEBUG ]  received packet number : 9
2017-03-10 10:49:47  [ Thread-2:43279 ] - [ DEBUG ]  received packet number : 3
2017-03-10 10:49:52  [ Thread-2:48832 ] - [ DEBUG ]  received packet number : 0
2017-03-10 10:49:54  [ Thread-2:51017 ] - [ DEBUG ]  received packet number : 10
2017-03-10 10:50:00  [ Thread-2:56682 ] - [ DEBUG ]  begin to show and save data...
2017-03-10 10:50:00  [ Thread-4:56683 ] - [ DEBUG ]  wait...
2017-03-10 10:50:00  [ Thread-2:56684 ] - [ DEBUG ]  begin to show and save data...
2017-03-10 10:50:00  [ Thread-4:56688 ] - [ DEBUG ]  com.protocol.http.bean.HttpDataBean@106cd676
2017-03-10 10:50:00  [ Thread-3:56693 ] - [ DEBUG ]  wait...
2017-03-10 10:50:00  [ Thread-5:56697 ] - [ DEBUG ]  com.protocol.http.bean.HttpDataBean@44146efd
2017-03-10 10:50:00  [ Thread-2:56699 ] - [ DEBUG ]  begin to show and save data...
2017-03-10 10:50:00  [ Thread-6:56726 ] - [ DEBUG ]  wait...
2017-03-10 10:50:00  [ Thread-6:56728 ] - [ DEBUG ]  com.protocol.http.bean.HttpDataBean@40305cbf
2017-03-10 10:50:00  [ Thread-3:56729 ] - [ DEBUG ]  wait...
2017-03-10 10:50:00  [ Thread-4:56734 ] - [ DEBUG ]  wait...
2017-03-10 10:50:00  [ Thread-2:56735 ] - [ DEBUG ]  begin to show and save data...
2017-03-10 10:50:00  [ Thread-7:56735 ] - [ DEBUG ]  wait...
2017-03-10 10:50:00  [ Thread-5:56736 ] - [ DEBUG ]  wait...
2017-03-10 10:50:00  [ Thread-5:56738 ] - [ DEBUG ]  wait...
2017-03-10 10:50:00  [ Thread-7:56740 ] - [ DEBUG ]  wait...
2017-03-10 10:50:00  [ Thread-4:56744 ] - [ DEBUG ]  wait...
2017-03-10 10:50:00  [ Thread-3:56744 ] - [ DEBUG ]  wait...
2017-03-10 10:50:00  [ Thread-6:56745 ] - [ DEBUG ]  wait...
2017-03-10 10:50:00  [ Thread-2:56740 ] - [ DEBUG ]  begin to show and save data...
2017-03-10 10:50:00  [ Thread-2:56753 ] - [ DEBUG ]  received packet number : 20
2017-03-10 10:50:00  [ Thread-6:56756 ] - [ DEBUG ]  wait...
2017-03-10 10:50:00  [ Thread-3:56764 ] - [ DEBUG ]  wait...
2017-03-10 10:50:00  [ Thread-4:56766 ] - [ DEBUG ]  wait...
2017-03-10 10:50:00  [ Thread-7:56768 ] - [ DEBUG ]  wait...
2017-03-10 10:50:00  [ Thread-5:56777 ] - [ DEBUG ]  wait...
2017-03-10 10:50:00  [ Thread-8:56778 ] - [ DEBUG ]  wait...
2017-03-10 10:50:06  [ Thread-2:62303 ] - [ DEBUG ]  received packet number : 27
2017-03-10 10:50:11  [ Thread-2:67818 ] - [ DEBUG ]  received packet number : 0
2017-03-10 10:50:17  [ Thread-2:73333 ] - [ DEBUG ]  received packet number : 0
2017-03-10 10:50:22  [ Thread-2:78839 ] - [ DEBUG ]  received packet number : 0
2017-03-10 10:50:28  [ Thread-2:84439 ] - [ DEBUG ]  received packet number : 0
2017-03-10 10:50:33  [ Thread-2:89968 ] - [ DEBUG ]  received packet number : 0
2017-03-10 10:50:39  [ Thread-2:95499 ] - [ DEBUG ]  received packet number : 0
2017-03-10 10:50:44  [ Thread-2:101054 ] - [ DEBUG ]  received packet number : 0
2017-03-10 10:50:50  [ Thread-2:106570 ] - [ DEBUG ]  received packet number : 0
2017-03-10 10:50:56  [ Thread-2:112090 ] - [ DEBUG ]  received packet number : 0
2017-03-10 10:51:01  [ Thread-2:117619 ] - [ DEBUG ]  received packet number : 0
2017-03-10 10:51:07  [ Thread-2:123145 ] - [ DEBUG ]  received packet number : 0
2017-03-10 10:51:12  [ Thread-2:128684 ] - [ DEBUG ]  received packet number : 0
2017-03-10 10:51:18  [ Thread-2:134442 ] - [ DEBUG ]  received packet number : 0
2017-03-10 10:51:23  [ Thread-2:139957 ] - [ DEBUG ]  received packet number : 0
2017-03-10 10:55:51  [ AWT-EventQueue-0:0 ] - [ DEBUG ]  Capture Thread is started...
2017-03-10 10:55:57  [ Thread-2:5575 ] - [ DEBUG ]  received packet number : 0
2017-03-10 10:56:02  [ Thread-2:11217 ] - [ DEBUG ]  received packet number : 19
2017-03-10 10:56:08  [ Thread-2:16787 ] - [ DEBUG ]  received packet number : 0
2017-03-10 10:56:13  [ Thread-2:22307 ] - [ DEBUG ]  received packet number : 0
2017-03-10 10:56:18  [ AWT-EventQueue-0:27381 ] - [ DEBUG ]  Capture Thread is started...
2017-03-10 10:56:19  [ Thread-2:27825 ] - [ DEBUG ]  received packet number : 0
2017-03-10 10:56:24  [ Thread-2:33342 ] - [ DEBUG ]  received packet number : 0
2017-03-10 10:56:30  [ Thread-2:38860 ] - [ DEBUG ]  received packet number : 0
2017-03-10 10:56:35  [ Thread-2:44384 ] - [ DEBUG ]  received packet number : 0
2017-03-10 10:56:41  [ Thread-2:49903 ] - [ DEBUG ]  received packet number : 0
2017-03-10 10:56:46  [ Thread-2:55423 ] - [ DEBUG ]  received packet number : 0
2017-03-10 10:56:52  [ Thread-2:60933 ] - [ DEBUG ]  received packet number : 0
2017-03-10 10:56:58  [ Thread-2:66501 ] - [ DEBUG ]  received packet number : 0
2017-03-10 10:57:03  [ Thread-2:72032 ] - [ DEBUG ]  received packet number : 0
2017-03-10 10:57:06  [ Thread-2:75412 ] - [ DEBUG ]  received packet number : 9
2017-03-10 10:57:12  [ Thread-2:81273 ] - [ DEBUG ]  received packet number : 24
2017-03-10 10:57:18  [ Thread-2:86801 ] - [ DEBUG ]  received packet number : 0
2017-03-10 10:57:23  [ Thread-2:92320 ] - [ DEBUG ]  received packet number : 0
2017-03-10 10:57:29  [ Thread-2:97837 ] - [ DEBUG ]  received packet number : 0
2017-03-10 10:57:34  [ Thread-2:103349 ] - [ DEBUG ]  received packet number : 0
2017-03-10 10:57:40  [ Thread-2:108888 ] - [ DEBUG ]  received packet number : 0
2017-03-10 10:57:45  [ Thread-2:114407 ] - [ DEBUG ]  received packet number : 0
2017-03-10 10:57:51  [ Thread-2:119926 ] - [ DEBUG ]  received packet number : 0
2017-03-10 10:57:56  [ Thread-2:125450 ] - [ DEBUG ]  received packet number : 0
2017-03-10 10:58:02  [ Thread-2:130984 ] - [ DEBUG ]  received packet number : 0
2017-03-10 10:58:08  [ Thread-2:136504 ] - [ DEBUG ]  received packet number : 0
2017-03-10 10:58:13  [ Thread-2:142019 ] - [ DEBUG ]  received packet number : 0
2017-03-10 10:58:19  [ Thread-2:147545 ] - [ DEBUG ]  received packet number : 0
2017-03-10 10:58:24  [ Thread-2:153097 ] - [ DEBUG ]  received packet number : 0
2017-03-10 10:58:30  [ Thread-2:158636 ] - [ DEBUG ]  received packet number : 0
2017-03-10 10:58:35  [ Thread-2:164168 ] - [ DEBUG ]  received packet number : 0
2017-03-10 10:58:41  [ Thread-2:169702 ] - [ DEBUG ]  received packet number : 0
2017-03-10 10:58:46  [ Thread-2:175238 ] - [ DEBUG ]  received packet number : 0
2017-03-10 10:58:52  [ Thread-2:180752 ] - [ DEBUG ]  received packet number : 0
2017-03-10 10:58:57  [ Thread-2:186265 ] - [ DEBUG ]  received packet number : 0
2017-03-10 10:59:03  [ Thread-2:192021 ] - [ DEBUG ]  received packet number : 0
2017-03-10 10:59:09  [ Thread-2:197560 ] - [ DEBUG ]  received packet number : 0
2017-03-10 10:59:14  [ Thread-2:203097 ] - [ DEBUG ]  received packet number : 0
2017-03-10 10:59:41  [ AWT-EventQueue-0:0 ] - [ DEBUG ]  Capture Thread is started...
2017-03-10 10:59:47  [ Thread-2:5143 ] - [ DEBUG ]  begin to show and save data...
2017-03-10 10:59:47  [ Thread-3:5196 ] - [ DEBUG ]  com.protocol.http.bean.HttpDataBean@7aaf0808
2017-03-10 10:59:47  [ Thread-2:5198 ] - [ DEBUG ]  begin to show and save data...
2017-03-10 10:59:56  [ Thread-2:14990 ] - [ DEBUG ]  begin to show and save data...
2017-03-10 10:59:56  [ Thread-2:15039 ] - [ DEBUG ]  begin to show and save data...
2017-03-10 10:59:56  [ Thread-5:15043 ] - [ DEBUG ]  com.protocol.http.bean.HttpDataBean@b2c0b6a
2017-03-10 10:59:58  [ Thread-5:16880 ] - [ DEBUG ]  com.protocol.http.bean.HttpDataBean@5ebe47f
2017-03-10 10:59:59  [ Thread-4:17550 ] - [ DEBUG ]  wait...
2017-03-10 10:59:59  [ Thread-3:17551 ] - [ DEBUG ]  wait...
2017-03-10 10:59:59  [ Thread-2:17559 ] - [ DEBUG ]  received packet number : 29
2017-03-10 10:59:59  [ Thread-6:17573 ] - [ DEBUG ]  wait...
2017-03-10 10:59:59  [ Thread-6:17580 ] - [ DEBUG ]  com.protocol.http.bean.HttpDataBean@1017302
2017-03-10 10:59:59  [ Thread-3:17725 ] - [ DEBUG ]  wait...
2017-03-10 10:59:59  [ Thread-4:17729 ] - [ DEBUG ]  wait...
2017-03-10 10:59:59  [ Thread-5:17730 ] - [ DEBUG ]  wait...
2017-03-10 11:00:05  [ Thread-2:23178 ] - [ DEBUG ]  received packet number : 0
2017-03-10 11:02:58  [ AWT-EventQueue-0:1 ] - [ DEBUG ]  Capture Thread is started...
2017-03-10 11:03:03  [ Thread-2:5584 ] - [ DEBUG ]  received packet number : 0
2017-03-10 11:03:09  [ Thread-2:11204 ] - [ DEBUG ]  received packet number : 0
2017-03-10 11:03:15  [ Thread-2:16735 ] - [ DEBUG ]  received packet number : 0
2017-03-10 11:03:20  [ Thread-2:22282 ] - [ DEBUG ]  received packet number : 0
2017-03-10 11:03:26  [ Thread-2:27834 ] - [ DEBUG ]  received packet number : 0
2017-03-10 11:03:31  [ Thread-2:33370 ] - [ DEBUG ]  received packet number : 0
2017-03-10 11:03:37  [ Thread-2:38903 ] - [ DEBUG ]  received packet number : 0
2017-03-10 11:03:42  [ Thread-2:44444 ] - [ DEBUG ]  received packet number : 0
2017-03-10 11:03:48  [ Thread-2:49989 ] - [ DEBUG ]  received packet number : 0
2017-03-10 11:03:53  [ Thread-2:55559 ] - [ DEBUG ]  begin to show and save data...
2017-03-10 11:03:53  [ Thread-3:55563 ] - [ DEBUG ]  wait...
2017-03-10 11:03:53  [ Thread-2:55564 ] - [ DEBUG ]  received packet number : 11
2017-03-10 11:03:59  [ Thread-2:61134 ] - [ DEBUG ]  received packet number : 0
2017-03-10 11:04:02  [ Thread-2:63709 ] - [ DEBUG ]  begin to show and save data...
2017-03-10 11:04:02  [ Thread-4:63718 ] - [ DEBUG ]  com.protocol.http.bean.HttpDataBean@350d618b
2017-03-10 11:04:02  [ Thread-2:63728 ] - [ DEBUG ]  begin to show and save data...
2017-03-10 11:04:02  [ Thread-4:63740 ] - [ DEBUG ]  wait...
2017-03-10 11:04:02  [ Thread-2:63786 ] - [ DEBUG ]  begin to show and save data...
2017-03-10 11:04:02  [ Thread-4:63794 ] - [ DEBUG ]  com.protocol.http.bean.HttpDataBean@1b51f33c
2017-03-10 11:04:02  [ Thread-2:63848 ] - [ DEBUG ]  received packet number : 36
2017-03-10 11:04:02  [ Thread-5:63850 ] - [ DEBUG ]  com.protocol.http.bean.HttpDataBean@63ce1412
2017-03-10 11:04:02  [ Thread-4:63936 ] - [ DEBUG ]  wait...
2017-03-10 11:04:07  [ Thread-2:69595 ] - [ DEBUG ]  received packet number : 0
2017-03-10 11:04:13  [ Thread-2:75137 ] - [ DEBUG ]  received packet number : 21
2017-03-10 11:04:19  [ Thread-2:80681 ] - [ DEBUG ]  received packet number : 0
2017-03-10 11:04:24  [ Thread-2:86251 ] - [ DEBUG ]  received packet number : 0
2017-03-10 11:04:30  [ Thread-2:91792 ] - [ DEBUG ]  received packet number : 0
2017-03-10 11:04:35  [ Thread-2:97326 ] - [ DEBUG ]  received packet number : 0
2017-03-10 11:04:41  [ Thread-2:102848 ] - [ DEBUG ]  received packet number : 0
2017-03-10 11:04:46  [ Thread-2:108361 ] - [ DEBUG ]  received packet number : 0
2017-03-10 11:04:52  [ Thread-2:113872 ] - [ DEBUG ]  received packet number : 0
2017-03-10 11:04:57  [ Thread-2:119419 ] - [ DEBUG ]  received packet number : 0
2017-03-10 11:05:03  [ Thread-2:125163 ] - [ DEBUG ]  received packet number : 0
2017-03-10 11:05:09  [ Thread-2:130697 ] - [ DEBUG ]  received packet number : 0
2017-03-10 11:05:14  [ Thread-2:136210 ] - [ DEBUG ]  received packet number : 0
2017-03-10 11:05:20  [ Thread-2:141747 ] - [ DEBUG ]  received packet number : 0
2017-03-10 11:05:25  [ Thread-2:147312 ] - [ DEBUG ]  received packet number : 0
2017-03-10 11:05:31  [ Thread-2:152864 ] - [ DEBUG ]  received packet number : 0
2017-03-10 11:05:36  [ Thread-2:158422 ] - [ DEBUG ]  received packet number : 0
2017-03-10 11:05:42  [ Thread-2:163988 ] - [ DEBUG ]  received packet number : 0
2017-03-10 11:22:55  [ AWT-EventQueue-0:0 ] - [ DEBUG ]  Capture Thread is started...
2017-03-10 11:23:00  [ Thread-2:5419 ] - [ DEBUG ]  begin to show and save data...
2017-03-10 11:23:00  [ Thread-2:5438 ] - [ DEBUG ]  begin to show and save data...
2017-03-10 11:23:00  [ Thread-2:5445 ] - [ DEBUG ]  begin to show and save data...
2017-03-10 11:23:00  [ Thread-4:5519 ] - [ DEBUG ]  com.protocol.http.bean.HttpDataBean@1d1f09b6
2017-03-10 11:23:07  [ Thread-4:12233 ] - [ DEBUG ]  com.protocol.http.bean.HttpDataBean@17758e82
2017-03-10 11:23:10  [ Thread-3:15412 ] - [ DEBUG ]  wait...
2017-03-10 11:23:10  [ Thread-2:15415 ] - [ DEBUG ]  begin to show and save data...
2017-03-10 11:23:10  [ Thread-5:15414 ] - [ DEBUG ]  wait...
2017-03-10 11:23:10  [ Thread-5:15420 ] - [ DEBUG ]  com.protocol.http.bean.HttpDataBean@2bd349e7
2017-03-10 11:23:10  [ Thread-3:15477 ] - [ DEBUG ]  wait...
2017-03-10 11:23:10  [ Thread-4:15478 ] - [ DEBUG ]  wait...
2017-03-10 11:23:10  [ Thread-6:15478 ] - [ DEBUG ]  wait...
2017-03-10 11:23:10  [ Thread-2:15490 ] - [ DEBUG ]  begin to show and save data...
2017-03-10 11:23:10  [ Thread-6:15491 ] - [ DEBUG ]  com.protocol.http.bean.HttpDataBean@5aea520c
2017-03-10 11:23:10  [ Thread-4:15492 ] - [ DEBUG ]  wait...
2017-03-10 11:23:10  [ Thread-2:15496 ] - [ DEBUG ]  begin to show and save data...
2017-03-10 11:23:10  [ Thread-7:15499 ] - [ DEBUG ]  com.protocol.http.bean.HttpDataBean@54d89b03
2017-03-10 11:23:10  [ Thread-2:15500 ] - [ DEBUG ]  begin to show and save data...
2017-03-10 11:23:10  [ Thread-7:15543 ] - [ DEBUG ]  com.protocol.http.bean.HttpDataBean@5a1f6fe8
2017-03-10 11:23:10  [ Thread-3:15619 ] - [ DEBUG ]  wait...
2017-03-10 11:23:10  [ Thread-5:15621 ] - [ DEBUG ]  wait...
2017-03-10 11:23:10  [ Thread-2:15623 ] - [ DEBUG ]  received packet number : 30
2017-03-10 11:23:10  [ Thread-4:15624 ] - [ DEBUG ]  wait...
2017-03-10 11:23:10  [ Thread-4:15626 ] - [ DEBUG ]  com.protocol.http.bean.HttpDataBean@eba69e2
2017-03-10 11:23:10  [ Thread-6:15630 ] - [ DEBUG ]  wait...
2017-03-10 11:23:10  [ Thread-9:15630 ] - [ DEBUG ]  wait...
2017-03-10 11:23:10  [ Thread-8:15690 ] - [ DEBUG ]  wait...
2017-03-10 11:23:10  [ Thread-5:15691 ] - [ DEBUG ]  wait...
2017-03-10 11:23:10  [ Thread-3:15691 ] - [ DEBUG ]  wait...
2017-03-10 11:23:10  [ Thread-7:15691 ] - [ DEBUG ]  wait...
2017-03-10 11:23:16  [ Thread-2:21227 ] - [ DEBUG ]  received packet number : 0
2017-03-10 11:23:21  [ Thread-2:26802 ] - [ DEBUG ]  received packet number : 0
2017-03-10 11:23:27  [ Thread-2:32365 ] - [ DEBUG ]  received packet number : 0
2017-03-10 11:23:33  [ Thread-2:37904 ] - [ DEBUG ]  received packet number : 0
2017-03-10 11:23:38  [ Thread-2:43447 ] - [ DEBUG ]  received packet number : 0
2017-03-10 11:23:44  [ Thread-2:48974 ] - [ DEBUG ]  received packet number : 0
2017-03-10 11:23:49  [ Thread-2:54509 ] - [ DEBUG ]  received packet number : 0
2017-03-10 11:23:55  [ Thread-2:60037 ] - [ DEBUG ]  received packet number : 0
2017-03-10 11:24:00  [ Thread-2:65560 ] - [ DEBUG ]  received packet number : 0
2017-03-10 11:24:06  [ Thread-2:71083 ] - [ DEBUG ]  received packet number : 0
2017-03-10 11:24:11  [ Thread-2:76605 ] - [ DEBUG ]  received packet number : 0
2017-03-10 11:24:17  [ Thread-2:82132 ] - [ DEBUG ]  received packet number : 0
2017-03-10 11:24:22  [ Thread-2:87665 ] - [ DEBUG ]  received packet number : 0
2017-03-10 11:24:28  [ Thread-2:93180 ] - [ DEBUG ]  received packet number : 0
2017-03-10 11:24:33  [ Thread-2:98713 ] - [ DEBUG ]  received packet number : 0
2017-03-10 11:24:39  [ Thread-2:104241 ] - [ DEBUG ]  received packet number : 0
2017-03-10 11:24:44  [ Thread-2:109755 ] - [ DEBUG ]  received packet number : 0
2017-03-10 11:24:50  [ Thread-2:115310 ] - [ DEBUG ]  received packet number : 0
2017-03-10 11:24:55  [ Thread-2:120821 ] - [ DEBUG ]  received packet number : 0
2017-03-10 11:25:01  [ Thread-2:126512 ] - [ DEBUG ]  received packet number : 0
2017-03-10 11:25:07  [ Thread-2:132061 ] - [ DEBUG ]  received packet number : 0
2017-03-10 11:25:12  [ Thread-2:137586 ] - [ DEBUG ]  received packet number : 0
2017-03-10 11:28:49  [ AWT-EventQueue-0:0 ] - [ DEBUG ]  Capture Thread is started...
2017-03-10 11:28:54  [ Thread-2:5593 ] - [ DEBUG ]  received packet number : 0
2017-03-10 11:29:00  [ Thread-2:11157 ] - [ DEBUG ]  begin to show and save data...
2017-03-10 11:29:00  [ Thread-3:11167 ] - [ DEBUG ]  wait...
2017-03-10 11:29:00  [ Thread-2:11171 ] - [ DEBUG ]  received packet number : 14
2017-03-10 11:29:06  [ Thread-2:17034 ] - [ DEBUG ]  received packet number : 0
2017-03-10 11:29:11  [ Thread-2:22581 ] - [ DEBUG ]  received packet number : 0
2017-03-10 11:29:17  [ Thread-2:28139 ] - [ DEBUG ]  received packet number : 0
2017-03-10 11:29:20  [ Thread-2:31344 ] - [ DEBUG ]  received packet number : 11
2017-03-10 11:29:26  [ Thread-2:37184 ] - [ DEBUG ]  received packet number : 0
2017-03-10 11:29:31  [ Thread-2:42721 ] - [ DEBUG ]  received packet number : 21
2017-03-10 11:29:37  [ Thread-2:48265 ] - [ DEBUG ]  received packet number : 0
2017-03-10 11:29:42  [ AWT-EventQueue-0:53450 ] - [ DEBUG ]  Capture Thread is started...
2017-03-10 11:29:43  [ Thread-2:53793 ] - [ DEBUG ]  received packet number : 0
2017-03-10 11:29:48  [ Thread-2:59338 ] - [ DEBUG ]  received packet number : 0
2017-03-10 11:29:50  [ Thread-2:60857 ] - [ DEBUG ]  begin to show and save data...
2017-03-10 11:29:50  [ Thread-2:60867 ] - [ DEBUG ]  begin to show and save data...
2017-03-10 11:29:50  [ Thread-5:60928 ] - [ DEBUG ]  com.protocol.http.bean.HttpDataBean@6e43c54b
2017-03-10 11:29:50  [ Thread-2:60947 ] - [ DEBUG ]  begin to show and save data...
2017-03-10 11:29:50  [ Thread-5:60951 ] - [ DEBUG ]  com.protocol.http.bean.HttpDataBean@21b92cc8
2017-03-10 11:29:50  [ Thread-2:61136 ] - [ DEBUG ]  begin to show and save data...
2017-03-10 11:29:50  [ Thread-2:61146 ] - [ DEBUG ]  received packet number : 30
2017-03-10 11:29:50  [ Thread-6:61162 ] - [ DEBUG ]  wait...
2017-03-10 11:29:50  [ Thread-6:61170 ] - [ DEBUG ]  com.protocol.http.bean.HttpDataBean@1de3ef78
2017-03-10 11:29:50  [ Thread-6:61188 ] - [ DEBUG ]  com.protocol.http.bean.HttpDataBean@132412b4
2017-03-10 11:29:50  [ Thread-4:61217 ] - [ DEBUG ]  wait...
2017-03-10 11:29:50  [ Thread-5:61221 ] - [ DEBUG ]  wait...
2017-03-10 11:29:55  [ Thread-2:66751 ] - [ DEBUG ]  received packet number : 0
2017-03-10 11:30:01  [ Thread-2:72275 ] - [ DEBUG ]  received packet number : 3
2017-03-10 11:30:07  [ Thread-2:77793 ] - [ DEBUG ]  received packet number : 0
2017-03-10 11:30:12  [ Thread-2:83333 ] - [ DEBUG ]  received packet number : 0
2017-03-10 11:30:18  [ Thread-2:88846 ] - [ DEBUG ]  received packet number : 0
2017-03-10 11:30:23  [ Thread-2:94372 ] - [ DEBUG ]  received packet number : 0
2017-03-10 11:30:29  [ Thread-2:99890 ] - [ DEBUG ]  received packet number : 0
2017-03-10 11:34:06  [ AWT-EventQueue-0:0 ] - [ DEBUG ]  Capture Thread is started...
2017-03-10 11:34:11  [ Thread-2:5563 ] - [ DEBUG ]  received packet number : 0
2017-03-10 11:34:17  [ Thread-2:11114 ] - [ DEBUG ]  begin to show and save data...
2017-03-10 11:34:17  [ Thread-2:11122 ] - [ DEBUG ]  received packet number : 11
2017-03-10 11:34:22  [ Thread-2:16070 ] - [ DEBUG ]  received packet number : 12
2017-03-10 11:34:27  [ Thread-2:21775 ] - [ DEBUG ]  received packet number : 0
2017-03-10 11:34:33  [ Thread-2:27303 ] - [ DEBUG ]  received packet number : 22
2017-03-10 11:34:38  [ Thread-2:32824 ] - [ DEBUG ]  received packet number : 0
2017-03-10 11:34:44  [ Thread-2:38333 ] - [ DEBUG ]  received packet number : 0
2017-03-10 11:34:49  [ Thread-2:43860 ] - [ DEBUG ]  received packet number : 0
2017-03-10 11:34:55  [ Thread-2:49383 ] - [ DEBUG ]  received packet number : 0
2017-03-10 11:35:00  [ Thread-2:54904 ] - [ DEBUG ]  received packet number : 0
2017-03-10 11:35:06  [ Thread-2:60413 ] - [ DEBUG ]  received packet number : 0
2017-03-10 11:35:12  [ Thread-2:65914 ] - [ DEBUG ]  received packet number : 0
2017-03-10 11:35:17  [ Thread-2:71427 ] - [ DEBUG ]  received packet number : 0
2017-03-10 11:35:23  [ Thread-2:76935 ] - [ DEBUG ]  received packet number : 0
2017-03-10 11:35:28  [ Thread-2:82442 ] - [ DEBUG ]  received packet number : 0
2017-03-10 11:35:34  [ Thread-2:87954 ] - [ DEBUG ]  received packet number : 0
2017-03-10 11:35:36  [ Thread-2:90036 ] - [ DEBUG ]  begin to show and save data...
2017-03-10 11:35:36  [ Thread-2:90041 ] - [ DEBUG ]  begin to show and save data...
2017-03-10 11:35:36  [ Thread-2:90057 ] - [ DEBUG ]  begin to show and save data...
2017-03-10 11:35:36  [ Thread-5:90060 ] - [ DEBUG ]  com.protocol.http.bean.HttpDataBean@6522ee79
2017-03-10 11:35:36  [ Thread-5:90065 ] - [ DEBUG ]  com.protocol.http.bean.HttpDataBean@611d7605
2017-03-10 11:35:36  [ Thread-2:90164 ] - [ DEBUG ]  begin to show and save data...
2017-03-10 11:35:36  [ Thread-6:90177 ] - [ DEBUG ]  com.protocol.http.bean.HttpDataBean@29b38c6f
2017-03-10 11:35:36  [ Thread-2:90244 ] - [ DEBUG ]  received packet number : 26
2017-03-10 11:35:36  [ Thread-5:90255 ] - [ DEBUG ]  wait...
2017-03-10 11:35:36  [ Thread-5:90258 ] - [ DEBUG ]  com.protocol.http.bean.HttpDataBean@15f120b4
2017-03-10 11:35:36  [ Thread-4:90288 ] - [ DEBUG ]  wait...
2017-03-10 11:35:36  [ Thread-7:90289 ] - [ DEBUG ]  wait...
2017-03-10 11:35:36  [ Thread-6:90289 ] - [ DEBUG ]  wait...
2017-03-10 11:35:41  [ Thread-2:95760 ] - [ DEBUG ]  received packet number : 9
2017-03-10 11:35:47  [ Thread-2:101299 ] - [ DEBUG ]  received packet number : 0
2017-03-10 11:35:52  [ Thread-2:106814 ] - [ DEBUG ]  received packet number : 0
2017-03-10 11:35:58  [ Thread-2:112738 ] - [ DEBUG ]  received packet number : 0
2017-03-10 11:36:04  [ Thread-2:118664 ] - [ DEBUG ]  received packet number : 0
2017-03-10 11:36:10  [ Thread-2:124218 ] - [ DEBUG ]  received packet number : 0
2017-03-10 11:43:33  [ AWT-EventQueue-0:0 ] - [ DEBUG ]  Capture Thread is started...
2017-03-10 11:43:38  [ Thread-2:5539 ] - [ DEBUG ]  received packet number : 0
2017-03-10 11:43:44  [ Thread-2:11051 ] - [ DEBUG ]  received packet number : 0
2017-03-10 11:43:49  [ Thread-2:15871 ] - [ DEBUG ]  begin to show and save data...
2017-03-10 11:43:49  [ Thread-2:15939 ] - [ DEBUG ]  begin to show and save data...
2017-03-10 11:43:49  [ Thread-2:15948 ] - [ DEBUG ]  received packet number : 35
2017-03-10 11:43:49  [ Thread-4:16006 ] - [ DEBUG ]  com.protocol.http.bean.HttpDataBean@1fc3f3cf
2017-03-10 11:43:49  [ Thread-4:16012 ] - [ DEBUG ]  com.protocol.http.bean.HttpDataBean@11370c04
2017-03-10 11:43:55  [ Thread-2:21875 ] - [ DEBUG ]  received packet number : 21
2017-03-10 11:44:00  [ Thread-2:27411 ] - [ DEBUG ]  received packet number : 0
2017-03-10 14:01:25  [ AWT-EventQueue-0:0 ] - [ DEBUG ]  Capture Thread is started...
2017-03-10 14:01:30  [ Thread-2:5472 ] - [ DEBUG ]  received packet number : 0
2017-03-10 14:01:36  [ Thread-2:10871 ] - [ DEBUG ]  received packet number : 0
2017-03-10 14:01:41  [ Thread-2:16255 ] - [ DEBUG ]  received packet number : 0
2017-03-10 14:01:46  [ Thread-2:21650 ] - [ DEBUG ]  received packet number : 0
2017-03-10 14:01:52  [ Thread-2:27030 ] - [ DEBUG ]  received packet number : 0
2017-03-10 14:01:57  [ Thread-2:32412 ] - [ DEBUG ]  received packet number : 0
2017-03-10 14:02:03  [ Thread-2:37803 ] - [ DEBUG ]  received packet number : 0
2017-03-10 14:02:08  [ Thread-2:43189 ] - [ DEBUG ]  received packet number : 0
2017-03-10 14:02:13  [ Thread-2:48668 ] - [ DEBUG ]  received packet number : 0
2017-03-10 14:02:19  [ Thread-2:54206 ] - [ DEBUG ]  received packet number : 0
2017-03-10 14:02:25  [ Thread-2:59694 ] - [ DEBUG ]  received packet number : 0
2017-03-10 14:02:30  [ Thread-2:65203 ] - [ DEBUG ]  received packet number : 0
2017-03-10 14:02:35  [ Thread-2:70642 ] - [ DEBUG ]  received packet number : 0
2017-03-10 14:02:41  [ Thread-2:76110 ] - [ DEBUG ]  received packet number : 0
2017-03-10 14:02:46  [ Thread-2:81585 ] - [ DEBUG ]  received packet number : 0
2017-03-10 14:02:51  [ Thread-2:86382 ] - [ DEBUG ]  begin to show and save data...
2017-03-10 14:02:51  [ Thread-3:86541 ] - [ DEBUG ]  wait...
2017-03-10 14:02:51  [ Thread-2:86542 ] - [ DEBUG ]  begin to show and save data...
2017-03-10 14:02:51  [ Thread-3:86578 ] - [ DEBUG ]  com.protocol.http.bean.HttpDataBean@35686f5d
2017-03-10 14:02:51  [ Thread-2:86585 ] - [ DEBUG ]  received packet number : 25
2017-03-10 14:02:51  [ Thread-4:86602 ] - [ DEBUG ]  wait...
2017-03-10 14:02:51  [ Thread-4:86630 ] - [ DEBUG ]  com.protocol.http.bean.HttpDataBean@66ba9a55
2017-03-10 14:02:51  [ Thread-3:86636 ] - [ DEBUG ]  wait...
2017-03-10 14:02:57  [ Thread-2:92048 ] - [ DEBUG ]  received packet number : 0
2017-03-10 14:03:02  [ Thread-2:97529 ] - [ DEBUG ]  received packet number : 21
2017-03-10 14:03:08  [ Thread-2:103003 ] - [ DEBUG ]  begin to show and save data...
2017-03-10 14:03:08  [ Thread-3:103004 ] - [ DEBUG ]  wait...
2017-03-10 14:03:08  [ Thread-3:103008 ] - [ DEBUG ]  com.protocol.http.bean.HttpDataBean@12436e51
2017-03-10 14:03:08  [ Thread-2:103012 ] - [ DEBUG ]  begin to show and save data...
2017-03-10 14:03:08  [ Thread-4:103012 ] - [ DEBUG ]  wait...
2017-03-10 14:03:08  [ Thread-6:103014 ] - [ DEBUG ]  com.protocol.http.bean.HttpDataBean@3407ed28
2017-03-10 14:03:08  [ Thread-2:103015 ] - [ DEBUG ]  received packet number : 37
2017-03-10 14:03:08  [ Thread-4:103023 ] - [ DEBUG ]  wait...
2017-03-10 14:03:08  [ Thread-3:103023 ] - [ DEBUG ]  wait...
2017-03-10 14:03:13  [ Thread-2:108594 ] - [ DEBUG ]  received packet number : 28
2017-03-10 14:03:19  [ Thread-2:114085 ] - [ DEBUG ]  received packet number : 0
2017-03-10 14:03:24  [ Thread-2:119585 ] - [ DEBUG ]  received packet number : 0
2017-03-10 14:03:30  [ Thread-2:125061 ] - [ DEBUG ]  received packet number : 0
2017-03-10 14:03:35  [ Thread-2:130559 ] - [ DEBUG ]  received packet number : 0
2017-03-10 14:03:41  [ Thread-2:136057 ] - [ DEBUG ]  received packet number : 0
2017-03-10 14:03:46  [ Thread-2:141545 ] - [ DEBUG ]  received packet number : 0
2017-03-10 14:03:52  [ Thread-2:147031 ] - [ DEBUG ]  received packet number : 0
2017-03-10 14:03:57  [ Thread-2:152527 ] - [ DEBUG ]  received packet number : 0
2017-03-10 14:04:03  [ Thread-2:158032 ] - [ DEBUG ]  received packet number : 0
2017-03-10 14:04:08  [ Thread-2:163537 ] - [ DEBUG ]  received packet number : 0
2017-03-10 14:04:14  [ Thread-2:169014 ] - [ DEBUG ]  received packet number : 0
2017-03-10 14:04:19  [ Thread-2:174502 ] - [ DEBUG ]  received packet number : 0
2017-03-10 14:04:25  [ Thread-2:179992 ] - [ DEBUG ]  received packet number : 0
2017-03-10 14:04:30  [ Thread-2:185483 ] - [ DEBUG ]  received packet number : 0
2017-03-10 14:04:36  [ Thread-2:190956 ] - [ DEBUG ]  received packet number : 0
2017-03-10 14:04:41  [ Thread-2:196447 ] - [ DEBUG ]  received packet number : 0
2017-03-10 14:04:47  [ Thread-2:201938 ] - [ DEBUG ]  received packet number : 0
2017-03-10 14:04:52  [ Thread-2:207439 ] - [ DEBUG ]  received packet number : 0
2017-03-10 14:04:58  [ Thread-2:212920 ] - [ DEBUG ]  received packet number : 0
2017-03-10 14:05:03  [ Thread-2:218391 ] - [ DEBUG ]  received packet number : 0
2017-03-10 14:05:09  [ Thread-2:223885 ] - [ DEBUG ]  received packet number : 0
2017-03-10 14:05:14  [ Thread-2:229395 ] - [ DEBUG ]  received packet number : 0
2017-03-10 14:05:20  [ Thread-2:234893 ] - [ DEBUG ]  received packet number : 0
2017-03-10 14:07:33  [ AWT-EventQueue-0:0 ] - [ DEBUG ]  Capture Thread is started...
2017-03-10 14:07:36  [ Thread-2:3450 ] - [ DEBUG ]  begin to show and save data...
2017-03-10 14:07:36  [ Thread-2:3460 ] - [ DEBUG ]  begin to show and save data...
2017-03-10 14:07:36  [ Thread-2:3461 ] - [ DEBUG ]  begin to show and save data...
2017-03-10 14:07:36  [ Thread-2:3470 ] - [ DEBUG ]  begin to show and save data...
2017-03-10 14:07:36  [ Thread-5:3550 ] - [ DEBUG ]  com.protocol.http.bean.HttpDataBean@7e7630a9
2017-03-10 14:07:45  [ Thread-5:11870 ] - [ DEBUG ]  com.protocol.http.bean.HttpDataBean@574ef574
2017-03-10 14:07:45  [ Thread-5:12010 ] - [ DEBUG ]  com.protocol.http.bean.HttpDataBean@7d272f6c
2017-03-10 14:07:45  [ Thread-2:12051 ] - [ DEBUG ]  received packet number : 36
2017-03-10 14:07:45  [ Thread-3:12145 ] - [ DEBUG ]  com.protocol.http.bean.HttpDataBean@5d473228
2017-03-10 14:07:45  [ Thread-4:12193 ] - [ DEBUG ]  wait...
2017-03-10 14:07:45  [ Thread-6:12205 ] - [ DEBUG ]  wait...
2017-03-10 14:07:45  [ Thread-5:12282 ] - [ DEBUG ]  wait...
2017-03-10 14:07:50  [ Thread-2:17665 ] - [ DEBUG ]  received packet number : 0
2017-03-10 14:07:56  [ Thread-2:23146 ] - [ DEBUG ]  received packet number : 0
2017-03-10 14:08:01  [ Thread-2:28645 ] - [ DEBUG ]  received packet number : 0
2017-03-10 14:08:07  [ Thread-2:34145 ] - [ DEBUG ]  received packet number : 0
2017-03-10 14:08:12  [ Thread-2:39629 ] - [ DEBUG ]  received packet number : 0
2017-03-10 14:08:18  [ Thread-2:45115 ] - [ DEBUG ]  received packet number : 0
2017-03-10 14:08:23  [ Thread-2:50600 ] - [ DEBUG ]  received packet number : 0
2017-03-10 14:08:29  [ Thread-2:56142 ] - [ DEBUG ]  received packet number : 0
2017-03-10 14:08:34  [ Thread-2:61610 ] - [ DEBUG ]  received packet number : 0
2017-03-10 14:08:40  [ Thread-2:67086 ] - [ DEBUG ]  received packet number : 0
2017-03-10 14:08:45  [ Thread-2:72644 ] - [ DEBUG ]  received packet number : 0
2017-03-10 14:08:51  [ Thread-2:78139 ] - [ DEBUG ]  received packet number : 0
2017-03-10 14:08:56  [ Thread-2:83622 ] - [ DEBUG ]  received packet number : 0
2017-03-10 14:09:02  [ Thread-2:89102 ] - [ DEBUG ]  received packet number : 0
2017-03-10 14:09:07  [ Thread-2:94615 ] - [ DEBUG ]  received packet number : 0
2017-03-10 14:09:13  [ Thread-2:99978 ] - [ DEBUG ]  received packet number : 0
2017-03-10 14:09:18  [ Thread-2:105477 ] - [ DEBUG ]  received packet number : 0
2017-03-10 14:09:24  [ Thread-2:110964 ] - [ DEBUG ]  received packet number : 0
2017-03-10 14:09:29  [ Thread-2:116458 ] - [ DEBUG ]  received packet number : 0
2017-03-10 14:09:35  [ Thread-2:121950 ] - [ DEBUG ]  received packet number : 0
2017-03-10 14:09:40  [ Thread-2:127446 ] - [ DEBUG ]  received packet number : 0
2017-03-10 14:09:46  [ Thread-2:132930 ] - [ DEBUG ]  received packet number : 0
2017-03-10 14:09:51  [ Thread-2:138425 ] - [ DEBUG ]  received packet number : 0
2017-03-10 14:18:49  [ AWT-EventQueue-0:0 ] - [ DEBUG ]  Capture Thread is started...
2017-03-10 14:18:55  [ Thread-2:5548 ] - [ DEBUG ]  received packet number : 0
2017-03-10 14:19:00  [ Thread-2:11052 ] - [ DEBUG ]  received packet number : 0
2017-03-10 14:19:03  [ Thread-2:13790 ] - [ DEBUG ]  received packet number : 9
2017-03-10 14:19:09  [ Thread-2:19363 ] - [ DEBUG ]  received packet number : 0
2017-03-10 14:19:14  [ Thread-2:24868 ] - [ DEBUG ]  received packet number : 3
2017-03-10 14:19:16  [ Thread-2:26915 ] - [ DEBUG ]  begin to show and save data...
2017-03-10 14:19:16  [ Thread-2:26920 ] - [ DEBUG ]  received packet number : 27
2017-03-10 14:19:16  [ Thread-3:26971 ] - [ DEBUG ]  com.protocol.http.bean.HttpDataBean@31ac2806
2017-03-10 14:19:22  [ Thread-2:32694 ] - [ DEBUG ]  received packet number : 27
2017-03-10 14:19:27  [ Thread-2:38193 ] - [ DEBUG ]  received packet number : 0
2017-03-10 14:19:33  [ Thread-2:43703 ] - [ DEBUG ]  received packet number : 0
2017-03-10 14:19:38  [ Thread-2:49198 ] - [ DEBUG ]  received packet number : 0
2017-03-10 14:19:44  [ Thread-2:54688 ] - [ DEBUG ]  received packet number : 0
2017-03-10 14:19:49  [ Thread-2:60159 ] - [ DEBUG ]  received packet number : 0
2017-03-10 14:19:55  [ Thread-2:65656 ] - [ DEBUG ]  received packet number : 0
2017-03-10 14:20:00  [ Thread-2:71146 ] - [ DEBUG ]  received packet number : 0
2017-03-10 14:20:06  [ Thread-2:76616 ] - [ DEBUG ]  received packet number : 0
2017-03-10 14:20:11  [ Thread-2:82103 ] - [ DEBUG ]  received packet number : 0
2017-03-10 14:20:17  [ Thread-2:87600 ] - [ DEBUG ]  received packet number : 0
2017-03-10 14:20:22  [ Thread-2:93090 ] - [ DEBUG ]  received packet number : 0
2017-03-10 14:20:28  [ Thread-2:98558 ] - [ DEBUG ]  received packet number : 0
2017-03-10 14:20:33  [ Thread-2:104049 ] - [ DEBUG ]  received packet number : 0
2017-03-10 14:20:39  [ Thread-2:109541 ] - [ DEBUG ]  received packet number : 0
2017-03-10 14:20:44  [ Thread-2:114951 ] - [ DEBUG ]  received packet number : 0
2017-03-10 14:20:50  [ Thread-2:120425 ] - [ DEBUG ]  received packet number : 0
2017-03-10 14:20:55  [ Thread-2:125919 ] - [ DEBUG ]  received packet number : 0
2017-03-10 14:21:01  [ Thread-2:131415 ] - [ DEBUG ]  received packet number : 0
2017-03-10 14:21:06  [ Thread-2:136905 ] - [ DEBUG ]  received packet number : 0
2017-03-10 14:21:12  [ Thread-2:142389 ] - [ DEBUG ]  received packet number : 0
2017-03-10 14:21:17  [ Thread-2:147879 ] - [ DEBUG ]  received packet number : 0
2017-03-10 14:21:23  [ Thread-2:153368 ] - [ DEBUG ]  received packet number : 0
2017-03-10 14:21:28  [ Thread-2:158853 ] - [ DEBUG ]  received packet number : 0
2017-03-10 14:21:33  [ Thread-2:164344 ] - [ DEBUG ]  received packet number : 0
2017-03-10 14:21:39  [ Thread-2:169834 ] - [ DEBUG ]  received packet number : 0
2017-03-10 14:21:44  [ Thread-2:175329 ] - [ DEBUG ]  received packet number : 0
2017-03-10 14:21:50  [ Thread-2:180794 ] - [ DEBUG ]  received packet number : 0
2017-03-10 14:21:55  [ Thread-2:186285 ] - [ DEBUG ]  received packet number : 0
2017-03-10 14:22:01  [ Thread-2:191778 ] - [ DEBUG ]  received packet number : 0
2017-03-10 14:22:06  [ Thread-2:197270 ] - [ DEBUG ]  received packet number : 0
2017-03-10 14:22:12  [ Thread-2:202770 ] - [ DEBUG ]  received packet number : 0
2017-03-10 14:22:17  [ Thread-2:208262 ] - [ DEBUG ]  received packet number : 0
2017-03-10 14:22:23  [ Thread-2:213751 ] - [ DEBUG ]  received packet number : 0
2017-03-10 14:22:28  [ Thread-2:219237 ] - [ DEBUG ]  received packet number : 0
2017-03-10 14:22:34  [ Thread-2:224709 ] - [ DEBUG ]  received packet number : 0
2017-03-10 14:22:39  [ Thread-2:230198 ] - [ DEBUG ]  received packet number : 0
2017-03-10 14:22:45  [ Thread-2:235687 ] - [ DEBUG ]  received packet number : 0
2017-03-10 14:22:50  [ Thread-2:241168 ] - [ DEBUG ]  received packet number : 0
2017-03-10 14:22:56  [ Thread-2:246642 ] - [ DEBUG ]  received packet number : 0
2017-03-10 14:23:01  [ Thread-2:252133 ] - [ DEBUG ]  received packet number : 0
2017-03-10 14:23:07  [ Thread-2:257616 ] - [ DEBUG ]  received packet number : 0
2017-03-10 14:23:12  [ Thread-2:263110 ] - [ DEBUG ]  received packet number : 0
2017-03-10 14:23:18  [ Thread-2:268587 ] - [ DEBUG ]  received packet number : 0
2017-03-10 14:23:23  [ Thread-2:274074 ] - [ DEBUG ]  received packet number : 0
2017-03-10 14:23:29  [ Thread-2:279562 ] - [ DEBUG ]  received packet number : 0
2017-03-10 14:23:34  [ Thread-2:285052 ] - [ DEBUG ]  received packet number : 0
2017-03-10 14:23:40  [ Thread-2:290528 ] - [ DEBUG ]  received packet number : 0
2017-03-10 14:23:45  [ Thread-2:296021 ] - [ DEBUG ]  received packet number : 0
2017-03-10 14:23:51  [ Thread-2:301513 ] - [ DEBUG ]  received packet number : 0
2017-03-10 14:23:56  [ Thread-2:307001 ] - [ DEBUG ]  received packet number : 0
2017-03-10 14:24:02  [ Thread-2:312479 ] - [ DEBUG ]  received packet number : 0
2017-03-10 14:24:07  [ Thread-2:317970 ] - [ DEBUG ]  received packet number : 0
2017-03-10 14:24:13  [ Thread-2:323457 ] - [ DEBUG ]  received packet number : 0
2017-03-10 14:24:18  [ Thread-2:328949 ] - [ DEBUG ]  received packet number : 0
2017-03-10 14:24:24  [ Thread-2:334417 ] - [ DEBUG ]  received packet number : 0
2017-03-10 14:24:29  [ Thread-2:339909 ] - [ DEBUG ]  received packet number : 0
2017-03-10 14:24:35  [ Thread-2:345400 ] - [ DEBUG ]  received packet number : 0
2017-03-10 14:24:40  [ Thread-2:350884 ] - [ DEBUG ]  received packet number : 0
2017-03-10 14:24:46  [ Thread-2:356373 ] - [ DEBUG ]  received packet number : 0
2017-03-10 14:24:51  [ Thread-2:361863 ] - [ DEBUG ]  received packet number : 0
2017-03-10 14:24:57  [ Thread-2:367349 ] - [ DEBUG ]  received packet number : 0
2017-03-10 14:25:02  [ Thread-2:372817 ] - [ DEBUG ]  received packet number : 0
2017-03-10 14:25:07  [ Thread-2:378303 ] - [ DEBUG ]  received packet number : 0
2017-03-10 14:25:13  [ Thread-2:383789 ] - [ DEBUG ]  received packet number : 0
2017-03-10 14:25:18  [ Thread-2:389279 ] - [ DEBUG ]  received packet number : 0
2017-03-10 14:25:24  [ Thread-2:394760 ] - [ DEBUG ]  received packet number : 0
2017-03-10 14:25:29  [ Thread-2:400246 ] - [ DEBUG ]  received packet number : 0
2017-03-10 14:25:35  [ Thread-2:405736 ] - [ DEBUG ]  received packet number : 0
2017-03-10 14:25:40  [ Thread-2:411224 ] - [ DEBUG ]  received packet number : 0
2017-03-10 14:25:46  [ Thread-2:416694 ] - [ DEBUG ]  received packet number : 0
2017-03-10 14:25:51  [ Thread-2:422181 ] - [ DEBUG ]  received packet number : 0
2017-03-10 14:25:57  [ Thread-2:427674 ] - [ DEBUG ]  received packet number : 0
2017-03-10 14:26:02  [ Thread-2:433164 ] - [ DEBUG ]  received packet number : 0
2017-03-10 14:26:08  [ Thread-2:438643 ] - [ DEBUG ]  received packet number : 0
2017-03-10 14:26:13  [ Thread-2:444128 ] - [ DEBUG ]  received packet number : 0
2017-03-10 14:26:19  [ Thread-2:449613 ] - [ DEBUG ]  received packet number : 0
2017-03-10 14:26:24  [ Thread-2:455101 ] - [ DEBUG ]  received packet number : 0
2017-03-10 14:26:30  [ Thread-2:460576 ] - [ DEBUG ]  received packet number : 0
2017-03-10 14:26:35  [ Thread-2:466063 ] - [ DEBUG ]  received packet number : 0
2017-03-10 14:26:41  [ Thread-2:471552 ] - [ DEBUG ]  received packet number : 0
2017-03-10 14:26:46  [ Thread-2:477035 ] - [ DEBUG ]  received packet number : 0
2017-03-10 14:26:52  [ Thread-2:482515 ] - [ DEBUG ]  received packet number : 0
2017-03-10 14:26:57  [ Thread-2:487999 ] - [ DEBUG ]  received packet number : 0
2017-03-10 14:27:03  [ Thread-2:493486 ] - [ DEBUG ]  received packet number : 0
2017-03-10 14:27:08  [ Thread-2:498973 ] - [ DEBUG ]  received packet number : 0
2017-03-10 14:27:14  [ Thread-2:504439 ] - [ DEBUG ]  received packet number : 0
2017-03-10 14:27:19  [ Thread-2:509928 ] - [ DEBUG ]  received packet number : 0
2017-03-10 14:27:25  [ Thread-2:515414 ] - [ DEBUG ]  received packet number : 0
2017-03-10 14:27:30  [ Thread-2:521017 ] - [ DEBUG ]  received packet number : 0
2017-03-10 14:27:36  [ Thread-2:526485 ] - [ DEBUG ]  received packet number : 0
2017-03-10 14:27:41  [ Thread-2:531969 ] - [ DEBUG ]  received packet number : 0
2017-03-10 14:27:47  [ Thread-2:537455 ] - [ DEBUG ]  received packet number : 0
2017-03-10 14:27:52  [ Thread-2:542950 ] - [ DEBUG ]  received packet number : 0
2017-03-10 14:27:58  [ Thread-2:548424 ] - [ DEBUG ]  received packet number : 0
2017-03-10 14:28:03  [ Thread-2:553911 ] - [ DEBUG ]  received packet number : 0
2017-03-10 14:28:09  [ Thread-2:559398 ] - [ DEBUG ]  received packet number : 0
2017-03-10 14:28:14  [ Thread-2:564882 ] - [ DEBUG ]  received packet number : 0
2017-03-10 14:28:20  [ Thread-2:570366 ] - [ DEBUG ]  received packet number : 0
2017-03-10 14:28:25  [ Thread-2:575857 ] - [ DEBUG ]  received packet number : 0
2017-03-10 14:28:31  [ Thread-2:581346 ] - [ DEBUG ]  received packet number : 0
2017-03-10 14:28:36  [ Thread-2:586822 ] - [ DEBUG ]  received packet number : 0
2017-03-10 14:28:41  [ Thread-2:592313 ] - [ DEBUG ]  received packet number : 0
2017-03-10 14:28:47  [ Thread-2:597799 ] - [ DEBUG ]  received packet number : 0
2017-03-10 14:28:52  [ Thread-2:603287 ] - [ DEBUG ]  received packet number : 0
2017-03-10 14:28:58  [ Thread-2:608763 ] - [ DEBUG ]  received packet number : 0
2017-03-10 14:29:03  [ Thread-2:614249 ] - [ DEBUG ]  received packet number : 0
2017-03-10 14:29:09  [ Thread-2:619738 ] - [ DEBUG ]  received packet number : 0
2017-03-10 14:29:14  [ Thread-2:625224 ] - [ DEBUG ]  received packet number : 0
2017-03-10 14:29:20  [ Thread-2:630697 ] - [ DEBUG ]  received packet number : 0
2017-03-10 14:29:25  [ Thread-2:636188 ] - [ DEBUG ]  received packet number : 0
2017-03-10 14:29:31  [ Thread-2:641675 ] - [ DEBUG ]  received packet number : 0
2017-03-10 14:29:36  [ Thread-2:647164 ] - [ DEBUG ]  received packet number : 0
2017-03-10 14:29:42  [ Thread-2:652638 ] - [ DEBUG ]  received packet number : 0
2017-03-10 14:29:47  [ Thread-2:658125 ] - [ DEBUG ]  received packet number : 0
2017-03-10 14:29:53  [ Thread-2:663615 ] - [ DEBUG ]  received packet number : 0
2017-03-10 14:29:58  [ Thread-2:669107 ] - [ DEBUG ]  received packet number : 0
2017-03-10 14:30:04  [ Thread-2:674584 ] - [ DEBUG ]  received packet number : 0
2017-03-10 14:30:09  [ Thread-2:680075 ] - [ DEBUG ]  received packet number : 0
2017-03-10 14:30:15  [ Thread-2:685600 ] - [ DEBUG ]  received packet number : 0
2017-03-10 14:30:20  [ Thread-2:691085 ] - [ DEBUG ]  received packet number : 0
2017-03-10 14:30:26  [ Thread-2:696562 ] - [ DEBUG ]  received packet number : 0
2017-03-10 14:30:31  [ Thread-2:702049 ] - [ DEBUG ]  received packet number : 0
2017-03-10 14:30:37  [ Thread-2:707535 ] - [ DEBUG ]  received packet number : 0
2017-03-10 14:30:42  [ Thread-2:713024 ] - [ DEBUG ]  received packet number : 0
2017-03-10 14:30:48  [ Thread-2:718501 ] - [ DEBUG ]  received packet number : 0
2017-03-10 14:30:53  [ Thread-2:723988 ] - [ DEBUG ]  received packet number : 0
2017-03-10 14:30:59  [ Thread-2:729478 ] - [ DEBUG ]  received packet number : 0
2017-03-10 14:31:04  [ Thread-2:734967 ] - [ DEBUG ]  received packet number : 0
2017-03-10 14:31:10  [ Thread-2:740443 ] - [ DEBUG ]  received packet number : 0
2017-03-10 14:31:15  [ Thread-2:745932 ] - [ DEBUG ]  received packet number : 0
2017-03-10 14:31:21  [ Thread-2:751420 ] - [ DEBUG ]  received packet number : 0
2017-03-10 14:31:26  [ Thread-2:756910 ] - [ DEBUG ]  received packet number : 0
2017-03-10 14:31:32  [ Thread-2:762392 ] - [ DEBUG ]  received packet number : 0
2017-03-10 14:31:37  [ Thread-2:767880 ] - [ DEBUG ]  received packet number : 0
2017-03-10 14:31:43  [ Thread-2:773366 ] - [ DEBUG ]  received packet number : 0
2017-03-10 14:31:48  [ Thread-2:778840 ] - [ DEBUG ]  received packet number : 0
2017-03-10 14:31:53  [ Thread-2:784325 ] - [ DEBUG ]  received packet number : 0
2017-03-10 14:31:59  [ Thread-2:789816 ] - [ DEBUG ]  received packet number : 0
2017-03-10 14:32:04  [ Thread-2:795307 ] - [ DEBUG ]  received packet number : 0
2017-03-10 14:32:10  [ Thread-2:800797 ] - [ DEBUG ]  received packet number : 0
2017-03-10 14:32:15  [ Thread-2:806292 ] - [ DEBUG ]  received packet number : 0
2017-03-10 14:32:21  [ Thread-2:811778 ] - [ DEBUG ]  received packet number : 0
2017-03-10 14:32:27  [ Thread-2:817376 ] - [ DEBUG ]  received packet number : 0
2017-03-10 14:32:32  [ Thread-2:822856 ] - [ DEBUG ]  received packet number : 0
2017-03-10 14:32:38  [ Thread-2:828347 ] - [ DEBUG ]  received packet number : 0
2017-03-10 14:32:43  [ Thread-2:833837 ] - [ DEBUG ]  received packet number : 0
2017-03-10 14:32:48  [ Thread-2:839330 ] - [ DEBUG ]  received packet number : 0
2017-03-10 14:32:54  [ Thread-2:844803 ] - [ DEBUG ]  received packet number : 0
2017-03-10 14:32:59  [ Thread-2:850294 ] - [ DEBUG ]  received packet number : 0
2017-03-10 14:33:05  [ Thread-2:855783 ] - [ DEBUG ]  received packet number : 0
2017-03-10 14:33:11  [ Thread-2:861354 ] - [ DEBUG ]  received packet number : 0
2017-03-10 14:33:16  [ Thread-2:866830 ] - [ DEBUG ]  received packet number : 0
2017-03-10 14:33:21  [ Thread-2:872336 ] - [ DEBUG ]  received packet number : 0
2017-03-10 14:33:27  [ Thread-2:877839 ] - [ DEBUG ]  received packet number : 0
2017-03-10 14:33:32  [ Thread-2:883342 ] - [ DEBUG ]  received packet number : 0
2017-03-10 14:33:38  [ Thread-2:888810 ] - [ DEBUG ]  received packet number : 0
2017-03-10 14:33:43  [ Thread-2:894304 ] - [ DEBUG ]  received packet number : 0
2017-03-10 14:33:49  [ Thread-2:899794 ] - [ DEBUG ]  received packet number : 0
2017-03-10 14:33:54  [ Thread-2:905269 ] - [ DEBUG ]  received packet number : 0
2017-03-10 14:34:00  [ Thread-2:910750 ] - [ DEBUG ]  received packet number : 0
2017-03-10 14:34:05  [ Thread-2:916248 ] - [ DEBUG ]  received packet number : 0
2017-03-10 14:34:11  [ Thread-2:921757 ] - [ DEBUG ]  received packet number : 0
2017-03-10 14:34:16  [ Thread-2:927267 ] - [ DEBUG ]  received packet number : 0
2017-03-10 14:34:22  [ Thread-2:932950 ] - [ DEBUG ]  received packet number : 0
2017-03-10 14:34:28  [ Thread-2:938429 ] - [ DEBUG ]  received packet number : 0
2017-03-10 14:34:33  [ Thread-2:943924 ] - [ DEBUG ]  received packet number : 0
2017-03-10 14:34:39  [ Thread-2:949488 ] - [ DEBUG ]  received packet number : 0
2017-03-10 14:34:44  [ Thread-2:954976 ] - [ DEBUG ]  received packet number : 0
2017-03-10 14:34:50  [ Thread-2:960501 ] - [ DEBUG ]  received packet number : 0
2017-03-10 14:34:55  [ Thread-2:965996 ] - [ DEBUG ]  received packet number : 0
2017-03-10 14:35:01  [ Thread-2:971502 ] - [ DEBUG ]  received packet number : 0
2017-03-10 14:35:06  [ Thread-2:977001 ] - [ DEBUG ]  received packet number : 0
2017-03-10 14:35:12  [ Thread-2:982518 ] - [ DEBUG ]  received packet number : 0
2017-03-10 14:35:17  [ Thread-2:988006 ] - [ DEBUG ]  received packet number : 0
2017-03-10 14:35:23  [ Thread-2:993540 ] - [ DEBUG ]  received packet number : 0
2017-03-10 14:35:28  [ Thread-2:999047 ] - [ DEBUG ]  received packet number : 0
2017-03-10 14:35:34  [ Thread-2:1004538 ] - [ DEBUG ]  received packet number : 0
2017-03-10 14:35:39  [ Thread-2:1010041 ] - [ DEBUG ]  received packet number : 0
2017-03-10 14:35:45  [ Thread-2:1015499 ] - [ DEBUG ]  received packet number : 0
2017-03-10 14:35:50  [ Thread-2:1020983 ] - [ DEBUG ]  received packet number : 0
2017-03-10 14:35:56  [ Thread-2:1026483 ] - [ DEBUG ]  received packet number : 0
2017-03-10 14:36:01  [ Thread-2:1031963 ] - [ DEBUG ]  received packet number : 0
2017-03-10 14:36:07  [ Thread-2:1037457 ] - [ DEBUG ]  received packet number : 0
2017-03-10 14:36:12  [ Thread-2:1042955 ] - [ DEBUG ]  received packet number : 0
2017-03-10 14:36:18  [ Thread-2:1048438 ] - [ DEBUG ]  received packet number : 0
2017-03-10 14:36:23  [ Thread-2:1053942 ] - [ DEBUG ]  received packet number : 0
2017-03-10 14:36:29  [ Thread-2:1059445 ] - [ DEBUG ]  received packet number : 0
2017-03-10 14:36:34  [ Thread-2:1064938 ] - [ DEBUG ]  received packet number : 0
2017-03-10 14:36:40  [ Thread-2:1070422 ] - [ DEBUG ]  received packet number : 0
2017-03-10 14:36:45  [ Thread-2:1075913 ] - [ DEBUG ]  received packet number : 0
2017-03-10 14:36:51  [ Thread-2:1081405 ] - [ DEBUG ]  received packet number : 0
2017-03-10 14:36:56  [ Thread-2:1086925 ] - [ DEBUG ]  received packet number : 0
2017-03-10 14:37:02  [ Thread-2:1092473 ] - [ DEBUG ]  received packet number : 0
2017-03-10 14:37:07  [ Thread-2:1097966 ] - [ DEBUG ]  received packet number : 0
2017-03-10 14:37:13  [ Thread-2:1103467 ] - [ DEBUG ]  received packet number : 0
2017-03-10 14:37:18  [ Thread-2:1108959 ] - [ DEBUG ]  received packet number : 0
2017-03-10 14:37:24  [ Thread-2:1114477 ] - [ DEBUG ]  received packet number : 0
2017-03-10 14:37:29  [ Thread-2:1119972 ] - [ DEBUG ]  received packet number : 0
2017-03-10 14:37:35  [ Thread-2:1125466 ] - [ DEBUG ]  received packet number : 0
2017-03-10 14:37:40  [ Thread-2:1130958 ] - [ DEBUG ]  received packet number : 0
2017-03-10 14:37:46  [ Thread-2:1136438 ] - [ DEBUG ]  received packet number : 0
2017-03-10 14:37:51  [ Thread-2:1141936 ] - [ DEBUG ]  received packet number : 0
2017-03-10 14:37:57  [ Thread-2:1147427 ] - [ DEBUG ]  received packet number : 0
2017-03-10 14:38:02  [ Thread-2:1152902 ] - [ DEBUG ]  received packet number : 0
2017-03-10 14:38:08  [ Thread-2:1158351 ] - [ DEBUG ]  received packet number : 0
2017-03-10 14:38:13  [ Thread-2:1163843 ] - [ DEBUG ]  received packet number : 0
2017-03-10 14:38:19  [ Thread-2:1169351 ] - [ DEBUG ]  received packet number : 0
2017-03-10 14:38:24  [ Thread-2:1174846 ] - [ DEBUG ]  received packet number : 0
2017-03-10 14:38:29  [ Thread-2:1180335 ] - [ DEBUG ]  received packet number : 0
2017-03-10 14:38:35  [ Thread-2:1185799 ] - [ DEBUG ]  received packet number : 0
2017-03-10 14:38:40  [ Thread-2:1191298 ] - [ DEBUG ]  received packet number : 0
2017-03-10 14:38:46  [ Thread-2:1196848 ] - [ DEBUG ]  received packet number : 0
2017-03-10 14:38:52  [ Thread-2:1202346 ] - [ DEBUG ]  received packet number : 0
2017-03-10 14:38:57  [ Thread-2:1207839 ] - [ DEBUG ]  received packet number : 0
2017-03-10 14:39:02  [ Thread-2:1213301 ] - [ DEBUG ]  received packet number : 0
2017-03-10 14:39:08  [ Thread-2:1218770 ] - [ DEBUG ]  received packet number : 0
2017-03-10 14:39:13  [ Thread-2:1224264 ] - [ DEBUG ]  received packet number : 0
2017-03-10 14:39:19  [ Thread-2:1229763 ] - [ DEBUG ]  received packet number : 0
2017-03-10 14:39:24  [ Thread-2:1235250 ] - [ DEBUG ]  received packet number : 0
2017-03-10 14:39:30  [ Thread-2:1240739 ] - [ DEBUG ]  received packet number : 0
2017-03-10 14:39:35  [ Thread-2:1246235 ] - [ DEBUG ]  received packet number : 0
2017-03-10 14:39:41  [ Thread-2:1251739 ] - [ DEBUG ]  received packet number : 0
2017-03-10 14:39:46  [ Thread-2:1257236 ] - [ DEBUG ]  received packet number : 0
2017-03-10 14:39:52  [ Thread-2:1262743 ] - [ DEBUG ]  received packet number : 0
2017-03-10 14:39:57  [ Thread-2:1268241 ] - [ DEBUG ]  received packet number : 0
2017-03-10 14:40:03  [ Thread-2:1273717 ] - [ DEBUG ]  received packet number : 0
2017-03-10 14:40:08  [ Thread-2:1279209 ] - [ DEBUG ]  received packet number : 0
2017-03-10 14:40:14  [ Thread-2:1284719 ] - [ DEBUG ]  received packet number : 0
2017-03-10 14:40:19  [ Thread-2:1290254 ] - [ DEBUG ]  received packet number : 0
2017-03-10 14:40:25  [ Thread-2:1295777 ] - [ DEBUG ]  received packet number : 0
2017-03-10 14:40:30  [ Thread-2:1301314 ] - [ DEBUG ]  received packet number : 0
2017-03-10 14:40:36  [ Thread-2:1306853 ] - [ DEBUG ]  received packet number : 0
2017-03-10 14:40:42  [ Thread-2:1312359 ] - [ DEBUG ]  received packet number : 0
2017-03-10 14:40:47  [ Thread-2:1317883 ] - [ DEBUG ]  received packet number : 0
2017-03-10 14:40:53  [ Thread-2:1323410 ] - [ DEBUG ]  received packet number : 0
2017-03-10 14:40:58  [ Thread-2:1328941 ] - [ DEBUG ]  received packet number : 0
2017-03-10 14:41:04  [ Thread-2:1334463 ] - [ DEBUG ]  received packet number : 0
2017-03-10 14:41:09  [ Thread-2:1339992 ] - [ DEBUG ]  received packet number : 0
2017-03-10 14:41:15  [ Thread-2:1345534 ] - [ DEBUG ]  received packet number : 0
2017-03-10 14:41:20  [ Thread-2:1351059 ] - [ DEBUG ]  received packet number : 0
2017-03-10 14:41:26  [ Thread-2:1356580 ] - [ DEBUG ]  received packet number : 0
2017-03-10 14:41:31  [ Thread-2:1362071 ] - [ DEBUG ]  received packet number : 0
2017-03-10 14:41:37  [ Thread-2:1367574 ] - [ DEBUG ]  received packet number : 0
2017-03-10 14:41:42  [ Thread-2:1373093 ] - [ DEBUG ]  received packet number : 0
2017-03-10 14:41:48  [ Thread-2:1378586 ] - [ DEBUG ]  received packet number : 0
2017-03-10 14:41:53  [ Thread-2:1384094 ] - [ DEBUG ]  received packet number : 0
2017-03-10 14:41:59  [ Thread-2:1389602 ] - [ DEBUG ]  received packet number : 0
2017-03-10 14:42:04  [ Thread-2:1395129 ] - [ DEBUG ]  received packet number : 0
